[debug] [2024-07-21T14:09:16.008Z] ----------------------------------------------------------------------
[debug] [2024-07-21T14:09:16.014Z] Command:       /opt/homebrew/Cellar/node/22.3.0/bin/node /opt/homebrew/bin/firebase deploy --only functions
[debug] [2024-07-21T14:09:16.014Z] CLI Version:   13.13.3
[debug] [2024-07-21T14:09:16.015Z] Platform:      darwin
[debug] [2024-07-21T14:09:16.015Z] Node Version:  v22.3.0
[debug] [2024-07-21T14:09:16.015Z] Time:          Sun Jul 21 2024 21:09:16 GMT+0700 (Indochina Time)
[debug] [2024-07-21T14:09:16.015Z] ----------------------------------------------------------------------
[debug] 
[debug] [2024-07-21T14:09:16.067Z] > command requires scopes: ["email","openid","https://www.googleapis.com/auth/cloudplatformprojects.readonly","https://www.googleapis.com/auth/firebase","https://www.googleapis.com/auth/cloud-platform"]
[debug] [2024-07-21T14:09:16.067Z] > authorizing via signed-in user (pathonscript@gmail.com)
[debug] [2024-07-21T14:09:16.067Z] [iam] checking project dollarydoodle-17566 for permissions ["cloudfunctions.functions.create","cloudfunctions.functions.delete","cloudfunctions.functions.get","cloudfunctions.functions.list","cloudfunctions.functions.update","cloudfunctions.operations.get","firebase.projects.get"]
[debug] [2024-07-21T14:09:16.068Z] >>> [apiv2][query] POST https://cloudresourcemanager.googleapis.com/v1/projects/dollarydoodle-17566:testIamPermissions [none]
[debug] [2024-07-21T14:09:16.068Z] >>> [apiv2][(partial)header] POST https://cloudresourcemanager.googleapis.com/v1/projects/dollarydoodle-17566:testIamPermissions x-goog-quota-user=projects/dollarydoodle-17566
[debug] [2024-07-21T14:09:16.068Z] >>> [apiv2][body] POST https://cloudresourcemanager.googleapis.com/v1/projects/dollarydoodle-17566:testIamPermissions {"permissions":["cloudfunctions.functions.create","cloudfunctions.functions.delete","cloudfunctions.functions.get","cloudfunctions.functions.list","cloudfunctions.functions.update","cloudfunctions.operations.get","firebase.projects.get"]}
[debug] [2024-07-21T14:09:17.303Z] <<< [apiv2][status] POST https://cloudresourcemanager.googleapis.com/v1/projects/dollarydoodle-17566:testIamPermissions 200
[debug] [2024-07-21T14:09:17.308Z] <<< [apiv2][body] POST https://cloudresourcemanager.googleapis.com/v1/projects/dollarydoodle-17566:testIamPermissions {"permissions":["cloudfunctions.functions.create","cloudfunctions.functions.delete","cloudfunctions.functions.get","cloudfunctions.functions.list","cloudfunctions.functions.update","cloudfunctions.operations.get","firebase.projects.get"]}
[debug] [2024-07-21T14:09:17.310Z] >>> [apiv2][query] POST https://iam.googleapis.com/v1/projects/dollarydoodle-17566/serviceAccounts/dollarydoodle-17566@appspot.gserviceaccount.com:testIamPermissions [none]
[debug] [2024-07-21T14:09:17.311Z] >>> [apiv2][body] POST https://iam.googleapis.com/v1/projects/dollarydoodle-17566/serviceAccounts/dollarydoodle-17566@appspot.gserviceaccount.com:testIamPermissions {"permissions":["iam.serviceAccounts.actAs"]}
[debug] [2024-07-21T14:09:18.810Z] <<< [apiv2][status] POST https://iam.googleapis.com/v1/projects/dollarydoodle-17566/serviceAccounts/dollarydoodle-17566@appspot.gserviceaccount.com:testIamPermissions 200
[debug] [2024-07-21T14:09:18.824Z] <<< [apiv2][body] POST https://iam.googleapis.com/v1/projects/dollarydoodle-17566/serviceAccounts/dollarydoodle-17566@appspot.gserviceaccount.com:testIamPermissions {"permissions":["iam.serviceAccounts.actAs"]}
[info] 
[info] === Deploying to 'dollarydoodle-17566'...
[info] 
[info] i  deploying functions 
[info] Running command: npm --prefix "$RESOURCE_DIR" run build
[info] ✔  functions: Finished running predeploy script. 
[debug] [2024-07-21T14:09:27.685Z] >>> [apiv2][query] GET https://firebase.googleapis.com/v1beta1/projects/dollarydoodle-17566 [none]
[debug] [2024-07-21T14:09:28.155Z] <<< [apiv2][status] GET https://firebase.googleapis.com/v1beta1/projects/dollarydoodle-17566 200
[debug] [2024-07-21T14:09:28.155Z] <<< [apiv2][body] GET https://firebase.googleapis.com/v1beta1/projects/dollarydoodle-17566 {"projectId":"dollarydoodle-17566","projectNumber":"862779424947","displayName":"dollarydoodle","name":"projects/dollarydoodle-17566","resources":{"hostingSite":"dollarydoodle-17566"},"state":"ACTIVE","etag":"1_843cb4c5-68ab-43d5-9074-374d0c79ab17"}
[info] i  functions: preparing codebase default for deployment 
[info] i  functions: ensuring required API cloudfunctions.googleapis.com is enabled... 
[info] i  functions: ensuring required API cloudbuild.googleapis.com is enabled... 
[info] i  artifactregistry: ensuring required API artifactregistry.googleapis.com is enabled... 
[debug] [2024-07-21T14:09:28.158Z] >>> [apiv2][query] GET https://serviceusage.googleapis.com/v1/projects/dollarydoodle-17566/services/cloudfunctions.googleapis.com [none]
[debug] [2024-07-21T14:09:28.158Z] >>> [apiv2][(partial)header] GET https://serviceusage.googleapis.com/v1/projects/dollarydoodle-17566/services/cloudfunctions.googleapis.com x-goog-quota-user=projects/dollarydoodle-17566
[debug] [2024-07-21T14:09:28.159Z] >>> [apiv2][query] GET https://serviceusage.googleapis.com/v1/projects/dollarydoodle-17566/services/runtimeconfig.googleapis.com [none]
[debug] [2024-07-21T14:09:28.160Z] >>> [apiv2][(partial)header] GET https://serviceusage.googleapis.com/v1/projects/dollarydoodle-17566/services/runtimeconfig.googleapis.com x-goog-quota-user=projects/dollarydoodle-17566
[debug] [2024-07-21T14:09:28.160Z] >>> [apiv2][query] GET https://serviceusage.googleapis.com/v1/projects/dollarydoodle-17566/services/cloudbuild.googleapis.com [none]
[debug] [2024-07-21T14:09:28.160Z] >>> [apiv2][(partial)header] GET https://serviceusage.googleapis.com/v1/projects/dollarydoodle-17566/services/cloudbuild.googleapis.com x-goog-quota-user=projects/dollarydoodle-17566
[debug] [2024-07-21T14:09:28.161Z] >>> [apiv2][query] GET https://serviceusage.googleapis.com/v1/projects/dollarydoodle-17566/services/artifactregistry.googleapis.com [none]
[debug] [2024-07-21T14:09:28.161Z] >>> [apiv2][(partial)header] GET https://serviceusage.googleapis.com/v1/projects/dollarydoodle-17566/services/artifactregistry.googleapis.com x-goog-quota-user=projects/dollarydoodle-17566
[debug] [2024-07-21T14:09:29.606Z] <<< [apiv2][status] GET https://serviceusage.googleapis.com/v1/projects/dollarydoodle-17566/services/runtimeconfig.googleapis.com 200
[debug] [2024-07-21T14:09:29.607Z] <<< [apiv2][body] GET https://serviceusage.googleapis.com/v1/projects/dollarydoodle-17566/services/runtimeconfig.googleapis.com [omitted]
[debug] [2024-07-21T14:09:29.642Z] <<< [apiv2][status] GET https://serviceusage.googleapis.com/v1/projects/dollarydoodle-17566/services/artifactregistry.googleapis.com 200
[debug] [2024-07-21T14:09:29.643Z] <<< [apiv2][body] GET https://serviceusage.googleapis.com/v1/projects/dollarydoodle-17566/services/artifactregistry.googleapis.com [omitted]
[info] ✔  artifactregistry: required API artifactregistry.googleapis.com is enabled 
[debug] [2024-07-21T14:09:29.644Z] <<< [apiv2][status] GET https://serviceusage.googleapis.com/v1/projects/dollarydoodle-17566/services/cloudbuild.googleapis.com 200
[debug] [2024-07-21T14:09:29.644Z] <<< [apiv2][body] GET https://serviceusage.googleapis.com/v1/projects/dollarydoodle-17566/services/cloudbuild.googleapis.com [omitted]
[info] ✔  functions: required API cloudbuild.googleapis.com is enabled 
[debug] [2024-07-21T14:09:29.683Z] <<< [apiv2][status] GET https://serviceusage.googleapis.com/v1/projects/dollarydoodle-17566/services/cloudfunctions.googleapis.com 200
[debug] [2024-07-21T14:09:29.683Z] <<< [apiv2][body] GET https://serviceusage.googleapis.com/v1/projects/dollarydoodle-17566/services/cloudfunctions.googleapis.com [omitted]
[info] ✔  functions: required API cloudfunctions.googleapis.com is enabled 
[debug] [2024-07-21T14:09:29.683Z] >>> [apiv2][query] GET https://firebase.googleapis.com/v1beta1/projects/dollarydoodle-17566/adminSdkConfig [none]
[debug] [2024-07-21T14:09:30.026Z] <<< [apiv2][status] GET https://firebase.googleapis.com/v1beta1/projects/dollarydoodle-17566/adminSdkConfig 200
[debug] [2024-07-21T14:09:30.026Z] <<< [apiv2][body] GET https://firebase.googleapis.com/v1beta1/projects/dollarydoodle-17566/adminSdkConfig {"projectId":"dollarydoodle-17566","storageBucket":"dollarydoodle-17566.appspot.com"}
[debug] [2024-07-21T14:09:30.026Z] >>> [apiv2][query] GET https://runtimeconfig.googleapis.com/v1beta1/projects/dollarydoodle-17566/configs [none]
[debug] [2024-07-21T14:09:30.510Z] <<< [apiv2][status] GET https://runtimeconfig.googleapis.com/v1beta1/projects/dollarydoodle-17566/configs 200
[debug] [2024-07-21T14:09:30.510Z] <<< [apiv2][body] GET https://runtimeconfig.googleapis.com/v1beta1/projects/dollarydoodle-17566/configs {"configs":[{"name":"projects/dollarydoodle-17566/configs/stripe"}]}
[debug] [2024-07-21T14:09:30.511Z] >>> [apiv2][query] GET https://runtimeconfig.googleapis.com/v1beta1/projects/dollarydoodle-17566/configs/stripe/variables [none]
[debug] [2024-07-21T14:09:30.809Z] <<< [apiv2][status] GET https://runtimeconfig.googleapis.com/v1beta1/projects/dollarydoodle-17566/configs/stripe/variables 200
[debug] [2024-07-21T14:09:30.809Z] <<< [apiv2][body] GET https://runtimeconfig.googleapis.com/v1beta1/projects/dollarydoodle-17566/configs/stripe/variables {"variables":[{"name":"projects/dollarydoodle-17566/configs/stripe/variables/payment_webhook_secret","updateTime":"2024-07-21T14:05:03.593742264Z"},{"name":"projects/dollarydoodle-17566/configs/stripe/variables/secret_key","updateTime":"2024-07-21T14:08:41.034225305Z"}]}
[debug] [2024-07-21T14:09:30.810Z] >>> [apiv2][query] GET https://runtimeconfig.googleapis.com/v1beta1/projects/dollarydoodle-17566/configs/stripe/variables/payment_webhook_secret [none]
[debug] [2024-07-21T14:09:30.811Z] >>> [apiv2][query] GET https://runtimeconfig.googleapis.com/v1beta1/projects/dollarydoodle-17566/configs/stripe/variables/secret_key [none]
[debug] [2024-07-21T14:09:31.097Z] <<< [apiv2][status] GET https://runtimeconfig.googleapis.com/v1beta1/projects/dollarydoodle-17566/configs/stripe/variables/payment_webhook_secret 200
[debug] [2024-07-21T14:09:31.097Z] <<< [apiv2][body] GET https://runtimeconfig.googleapis.com/v1beta1/projects/dollarydoodle-17566/configs/stripe/variables/payment_webhook_secret {"name":"projects/dollarydoodle-17566/configs/stripe/variables/payment_webhook_secret","updateTime":"2024-07-21T14:05:03.593742264Z","text":"whsec_ZF1P9QP4RkJZcVuksZYrwyX7j8pcGdOK"}
[debug] [2024-07-21T14:09:31.214Z] <<< [apiv2][status] GET https://runtimeconfig.googleapis.com/v1beta1/projects/dollarydoodle-17566/configs/stripe/variables/secret_key 200
[debug] [2024-07-21T14:09:31.214Z] <<< [apiv2][body] GET https://runtimeconfig.googleapis.com/v1beta1/projects/dollarydoodle-17566/configs/stripe/variables/secret_key {"name":"projects/dollarydoodle-17566/configs/stripe/variables/secret_key","updateTime":"2024-07-21T14:08:41.034225305Z","text":"sk_test_51OZCkuJIiOwtKCnpd9DLsBEDn0U5BF0p3ZPgjlWIQ4OYcWT3LWtKLGomaPjNBVsj2klakfdZueOjYxfMaZSgD0NM00RrrPf9YA"}
[debug] [2024-07-21T14:09:31.217Z] Validating nodejs source
[debug] [2024-07-21T14:09:31.792Z] > [functions] package.json contents: {
  "name": "functions",
  "scripts": {
    "build": "tsc",
    "build:watch": "tsc --watch",
    "serve": "npm run build && firebase emulators:start --only functions",
    "shell": "npm run build && firebase functions:shell",
    "start": "npm run shell",
    "deploy": "firebase deploy --only functions",
    "logs": "firebase functions:log"
  },
  "engines": {
    "node": "18"
  },
  "main": "lib/index.js",
  "dependencies": {
    "@google-cloud/functions-framework": "^3.4.1",
    "firebase-admin": "^12.1.0",
    "firebase-functions": "^5.0.0"
  },
  "devDependencies": {
    "firebase-functions-test": "^3.1.0",
    "typescript": "^4.9.0"
  },
  "private": true
}
[debug] [2024-07-21T14:09:31.792Z] Building nodejs source
[info] i  functions: Loading and analyzing source code for codebase default to determine what to deploy 
[debug] [2024-07-21T14:09:31.793Z] Could not find functions.yaml. Must use http discovery
[debug] [2024-07-21T14:09:31.800Z] Found firebase-functions binary at '/Users/patato/Documents/dollaridoodle/functions/node_modules/.bin/firebase-functions'
[info] Serving at port 8957

[debug] [2024-07-21T14:09:32.459Z] Got response from /__/functions.yaml {"endpoints":{"helloWorld":{"availableMemoryMb":null,"timeoutSeconds":null,"minInstances":null,"maxInstances":null,"ingressSettings":null,"concurrency":null,"serviceAccountEmail":null,"vpc":null,"platform":"gcfv2","labels":{},"httpsTrigger":{},"entryPoint":"helloWorld"},"handleStripeWebhook":{"availableMemoryMb":null,"timeoutSeconds":null,"minInstances":null,"maxInstances":null,"ingressSettings":null,"concurrency":null,"serviceAccountEmail":null,"vpc":null,"platform":"gcfv2","labels":{},"httpsTrigger":{},"entryPoint":"handleStripeWebhook"}},"specVersion":"v1alpha1","requiredAPIs":[]}
[info] i  functions: preparing functions directory for uploading... 
[info] i  functions: packaged /Users/patato/Documents/dollaridoodle/functions (59.52 KB) for uploading 
[debug] [2024-07-21T14:09:37.589Z] >>> [apiv2][query] GET https://cloudfunctions.googleapis.com/v1/projects/dollarydoodle-17566/locations/-/functions [none]
[debug] [2024-07-21T14:09:38.355Z] <<< [apiv2][status] GET https://cloudfunctions.googleapis.com/v1/projects/dollarydoodle-17566/locations/-/functions 200
[debug] [2024-07-21T14:09:38.355Z] <<< [apiv2][body] GET https://cloudfunctions.googleapis.com/v1/projects/dollarydoodle-17566/locations/-/functions {}
[debug] [2024-07-21T14:09:38.357Z] >>> [apiv2][query] GET https://cloudfunctions.googleapis.com/v2/projects/dollarydoodle-17566/locations/-/functions filter=environment%3D%22GEN_2%22
[debug] [2024-07-21T14:09:40.015Z] <<< [apiv2][status] GET https://cloudfunctions.googleapis.com/v2/projects/dollarydoodle-17566/locations/-/functions 200
[debug] [2024-07-21T14:09:40.020Z] <<< [apiv2][body] GET https://cloudfunctions.googleapis.com/v2/projects/dollarydoodle-17566/locations/-/functions {"functions":[{"name":"projects/dollarydoodle-17566/locations/us-central1/functions/helloWorld","buildConfig":{"build":"projects/862779424947/locations/us-central1/builds/02f146c3-f5af-495d-933c-0017dd3de065","runtime":"nodejs18","entryPoint":"helloWorld","source":{"storageSource":{"bucket":"gcf-v2-sources-862779424947-us-central1","object":"helloWorld/function-source.zip","generation":"1721545144915018"}},"environmentVariables":{"GOOGLE_NODE_RUN_SCRIPTS":""},"dockerRepository":"projects/dollarydoodle-17566/locations/us-central1/repositories/gcf-artifacts","sourceProvenance":{"resolvedStorageSource":{"bucket":"gcf-v2-sources-862779424947-us-central1","object":"helloWorld/function-source.zip","generation":"1721545144915018"}},"dockerRegistry":"ARTIFACT_REGISTRY","automaticUpdatePolicy":{}},"serviceConfig":{"service":"projects/dollarydoodle-17566/locations/us-central1/services/helloworld","timeoutSeconds":60,"environmentVariables":{"FIREBASE_CONFIG":"{\"projectId\":\"dollarydoodle-17566\",\"storageBucket\":\"dollarydoodle-17566.appspot.com\"}","GCLOUD_PROJECT":"dollarydoodle-17566","EVENTARC_CLOUD_EVENT_SOURCE":"projects/dollarydoodle-17566/locations/us-central1/services/helloWorld","FUNCTION_TARGET":"helloWorld","LOG_EXECUTION_ID":"true"},"maxInstanceCount":3,"ingressSettings":"ALLOW_ALL","serviceAccountEmail":"862779424947-compute@developer.gserviceaccount.com","availableMemory":"256Mi","allTrafficOnLatestRevision":true,"revision":"helloworld-00002-dur","maxInstanceRequestConcurrency":80,"availableCpu":"1"},"state":"ACTIVE","updateTime":"2024-07-21T13:56:11.349528585Z","labels":{"deployment-tool":"cli-firebase","firebase-functions-hash":"24420e578b4ce31ee5cd7c2b5f78be2a50dc203c"},"environment":"GEN_2","url":"https://us-central1-dollarydoodle-17566.cloudfunctions.net/helloWorld","createTime":"2024-07-21T06:59:05.167342492Z"},{"name":"projects/dollarydoodle-17566/locations/us-central1/functions/handleStripeWebhook","buildConfig":{"build":"projects/862779424947/locations/us-central1/builds/e46155e8-6e1f-4f7c-8b54-ae3b8de3092a","runtime":"nodejs18","entryPoint":"handleStripeWebhook","source":{"storageSource":{"bucket":"gcf-v2-sources-862779424947-us-central1","object":"handleStripeWebhook/function-source.zip","generation":"1721557507043851"}},"environmentVariables":{"GOOGLE_NODE_RUN_SCRIPTS":""},"dockerRepository":"projects/dollarydoodle-17566/locations/us-central1/repositories/gcf-artifacts","sourceProvenance":{"resolvedStorageSource":{"bucket":"gcf-v2-sources-862779424947-us-central1","object":"handleStripeWebhook/function-source.zip","generation":"1721557507043851"}},"dockerRegistry":"ARTIFACT_REGISTRY","automaticUpdatePolicy":{}},"serviceConfig":{"service":"projects/dollarydoodle-17566/locations/us-central1/services/handlestripewebhook","timeoutSeconds":60,"environmentVariables":{"FIREBASE_CONFIG":"{\"projectId\":\"dollarydoodle-17566\",\"storageBucket\":\"dollarydoodle-17566.appspot.com\"}","GCLOUD_PROJECT":"dollarydoodle-17566","EVENTARC_CLOUD_EVENT_SOURCE":"projects/dollarydoodle-17566/locations/us-central1/services/handleStripeWebhook","FUNCTION_TARGET":"handleStripeWebhook","LOG_EXECUTION_ID":"true","FUNCTION_SIGNATURE_TYPE":"http"},"maxInstanceCount":3,"ingressSettings":"ALLOW_ALL","serviceAccountEmail":"862779424947-compute@developer.gserviceaccount.com","availableMemory":"256Mi","allTrafficOnLatestRevision":true,"revision":"handlestripewebhook-00002-kul","maxInstanceRequestConcurrency":80,"availableCpu":"1"},"state":"ACTIVE","updateTime":"2024-07-21T13:56:11.915567019Z","labels":{"firebase-functions-hash":"24420e578b4ce31ee5cd7c2b5f78be2a50dc203c","deployment-tool":"cli-firebase"},"environment":"GEN_2","url":"https://us-central1-dollarydoodle-17566.cloudfunctions.net/handleStripeWebhook","createTime":"2024-07-21T10:25:07.281547683Z"}]}
[info] i  functions: ensuring required API run.googleapis.com is enabled... 
[info] i  functions: ensuring required API eventarc.googleapis.com is enabled... 
[info] i  functions: ensuring required API pubsub.googleapis.com is enabled... 
[info] i  functions: ensuring required API storage.googleapis.com is enabled... 
[debug] [2024-07-21T14:09:40.023Z] >>> [apiv2][query] GET https://serviceusage.googleapis.com/v1/projects/dollarydoodle-17566/services/run.googleapis.com [none]
[debug] [2024-07-21T14:09:40.023Z] >>> [apiv2][(partial)header] GET https://serviceusage.googleapis.com/v1/projects/dollarydoodle-17566/services/run.googleapis.com x-goog-quota-user=projects/dollarydoodle-17566
[debug] [2024-07-21T14:09:40.024Z] >>> [apiv2][query] GET https://serviceusage.googleapis.com/v1/projects/dollarydoodle-17566/services/eventarc.googleapis.com [none]
[debug] [2024-07-21T14:09:40.024Z] >>> [apiv2][(partial)header] GET https://serviceusage.googleapis.com/v1/projects/dollarydoodle-17566/services/eventarc.googleapis.com x-goog-quota-user=projects/dollarydoodle-17566
[debug] [2024-07-21T14:09:40.024Z] >>> [apiv2][query] GET https://serviceusage.googleapis.com/v1/projects/dollarydoodle-17566/services/pubsub.googleapis.com [none]
[debug] [2024-07-21T14:09:40.024Z] >>> [apiv2][(partial)header] GET https://serviceusage.googleapis.com/v1/projects/dollarydoodle-17566/services/pubsub.googleapis.com x-goog-quota-user=projects/dollarydoodle-17566
[debug] [2024-07-21T14:09:40.026Z] >>> [apiv2][query] GET https://serviceusage.googleapis.com/v1/projects/dollarydoodle-17566/services/storage.googleapis.com [none]
[debug] [2024-07-21T14:09:40.026Z] >>> [apiv2][(partial)header] GET https://serviceusage.googleapis.com/v1/projects/dollarydoodle-17566/services/storage.googleapis.com x-goog-quota-user=projects/dollarydoodle-17566
[debug] [2024-07-21T14:09:41.474Z] <<< [apiv2][status] GET https://serviceusage.googleapis.com/v1/projects/dollarydoodle-17566/services/run.googleapis.com 200
[debug] [2024-07-21T14:09:41.474Z] <<< [apiv2][body] GET https://serviceusage.googleapis.com/v1/projects/dollarydoodle-17566/services/run.googleapis.com [omitted]
[info] ✔  functions: required API run.googleapis.com is enabled 
[debug] [2024-07-21T14:09:41.478Z] <<< [apiv2][status] GET https://serviceusage.googleapis.com/v1/projects/dollarydoodle-17566/services/storage.googleapis.com 200
[debug] [2024-07-21T14:09:41.478Z] <<< [apiv2][body] GET https://serviceusage.googleapis.com/v1/projects/dollarydoodle-17566/services/storage.googleapis.com [omitted]
[info] ✔  functions: required API storage.googleapis.com is enabled 
[debug] [2024-07-21T14:09:41.491Z] <<< [apiv2][status] GET https://serviceusage.googleapis.com/v1/projects/dollarydoodle-17566/services/eventarc.googleapis.com 200
[debug] [2024-07-21T14:09:41.491Z] <<< [apiv2][body] GET https://serviceusage.googleapis.com/v1/projects/dollarydoodle-17566/services/eventarc.googleapis.com [omitted]
[info] ✔  functions: required API eventarc.googleapis.com is enabled 
[debug] [2024-07-21T14:09:41.498Z] <<< [apiv2][status] GET https://serviceusage.googleapis.com/v1/projects/dollarydoodle-17566/services/pubsub.googleapis.com 200
[debug] [2024-07-21T14:09:41.498Z] <<< [apiv2][body] GET https://serviceusage.googleapis.com/v1/projects/dollarydoodle-17566/services/pubsub.googleapis.com [omitted]
[info] ✔  functions: required API pubsub.googleapis.com is enabled 
[info] i  functions: generating the service identity for pubsub.googleapis.com... 
[info] i  functions: generating the service identity for eventarc.googleapis.com... 
[debug] [2024-07-21T14:09:41.499Z] >>> [apiv2][query] POST https://serviceusage.googleapis.com/v1beta1/projects/862779424947/services/pubsub.googleapis.com:generateServiceIdentity [none]
[debug] [2024-07-21T14:09:41.499Z] >>> [apiv2][query] POST https://serviceusage.googleapis.com/v1beta1/projects/862779424947/services/eventarc.googleapis.com:generateServiceIdentity [none]
[debug] [2024-07-21T14:09:41.966Z] <<< [apiv2][status] POST https://serviceusage.googleapis.com/v1beta1/projects/862779424947/services/eventarc.googleapis.com:generateServiceIdentity 200
[debug] [2024-07-21T14:09:41.966Z] <<< [apiv2][body] POST https://serviceusage.googleapis.com/v1beta1/projects/862779424947/services/eventarc.googleapis.com:generateServiceIdentity {"name":"operations/finished.DONE_OPERATION","done":true,"response":{"@type":"type.googleapis.com/google.api.serviceusage.v1beta1.ServiceIdentity","email":"service-862779424947@gcp-sa-eventarc.iam.gserviceaccount.com","uniqueId":"103053168025137469440"}}
[debug] [2024-07-21T14:09:41.988Z] <<< [apiv2][status] POST https://serviceusage.googleapis.com/v1beta1/projects/862779424947/services/pubsub.googleapis.com:generateServiceIdentity 200
[debug] [2024-07-21T14:09:41.988Z] <<< [apiv2][body] POST https://serviceusage.googleapis.com/v1beta1/projects/862779424947/services/pubsub.googleapis.com:generateServiceIdentity {"name":"operations/finished.DONE_OPERATION","done":true,"response":{"@type":"type.googleapis.com/google.api.serviceusage.v1beta1.ServiceIdentity","email":"service-862779424947@gcp-sa-pubsub.iam.gserviceaccount.com","uniqueId":"113798306136961303310"}}
[debug] [2024-07-21T14:09:41.992Z] >>> [apiv2][query] GET https://firebase.googleapis.com/v1beta1/projects/dollarydoodle-17566 [none]
[debug] [2024-07-21T14:09:42.496Z] <<< [apiv2][status] GET https://firebase.googleapis.com/v1beta1/projects/dollarydoodle-17566 200
[debug] [2024-07-21T14:09:42.497Z] <<< [apiv2][body] GET https://firebase.googleapis.com/v1beta1/projects/dollarydoodle-17566 {"projectId":"dollarydoodle-17566","projectNumber":"862779424947","displayName":"dollarydoodle","name":"projects/dollarydoodle-17566","resources":{"hostingSite":"dollarydoodle-17566"},"state":"ACTIVE","etag":"1_843cb4c5-68ab-43d5-9074-374d0c79ab17"}
[debug] [2024-07-21T14:09:42.500Z] >>> [apiv2][query] POST https://cloudfunctions.googleapis.com/v2/projects/dollarydoodle-17566/locations/us-central1/functions:generateUploadUrl [none]
[debug] [2024-07-21T14:09:44.023Z] <<< [apiv2][status] POST https://cloudfunctions.googleapis.com/v2/projects/dollarydoodle-17566/locations/us-central1/functions:generateUploadUrl 200
[debug] [2024-07-21T14:09:44.024Z] <<< [apiv2][body] POST https://cloudfunctions.googleapis.com/v2/projects/dollarydoodle-17566/locations/us-central1/functions:generateUploadUrl {"uploadUrl":"https://storage.googleapis.com/gcf-v2-uploads-862779424947-us-central1/e372060f-4667-4bc1-b8ee-2e1fbb5aec9f.zip?GoogleAccessId=service-862779424947@gcf-admin-robot.iam.gserviceaccount.com&Expires=1721572783&Signature=Qx5UbbdEP%2FQnb0zsLSMLSh6cby0DrdVGcQWIiu6gYrDHEuhlQpdoviQDgjXNRiXrw5z0dQb3e5AuHB%2FRmvHb91gMd82xOleyvM1aVMbJVHkBEdfumqdOPVATPpPpk50mWuGzvKdIZ00n4w9ONUIPGjtywWh%2F%2FsBEwfQK6Jwc4YMdiuLYyaYW2mLigGKY6ploKDBRrVQVo6kXByCej5vL%2BIDLVV1TkJozNy9ngYieaN8W9vcoclYYsO9ydxjcr3w%2FLYcPg%2Fr%2BRyBKXgqfSOOow0Y2XCJ%2BCYwKThg%2F1GhqjnjZ4VhVhJFxzZtLnGbqwJKq4ngO%2BXmuo%2FKDIDVLS7KhvA%3D%3D","storageSource":{"bucket":"gcf-v2-uploads-862779424947-us-central1","object":"e372060f-4667-4bc1-b8ee-2e1fbb5aec9f.zip"}}
[debug] [2024-07-21T14:09:44.026Z] >>> [apiv2][query] PUT https://storage.googleapis.com/gcf-v2-uploads-862779424947-us-central1/e372060f-4667-4bc1-b8ee-2e1fbb5aec9f.zip GoogleAccessId=service-862779424947%40gcf-admin-robot.iam.gserviceaccount.com&Expires=1721572783&Signature=Qx5UbbdEP%2FQnb0zsLSMLSh6cby0DrdVGcQWIiu6gYrDHEuhlQpdoviQDgjXNRiXrw5z0dQb3e5AuHB%2FRmvHb91gMd82xOleyvM1aVMbJVHkBEdfumqdOPVATPpPpk50mWuGzvKdIZ00n4w9ONUIPGjtywWh%2F%2FsBEwfQK6Jwc4YMdiuLYyaYW2mLigGKY6ploKDBRrVQVo6kXByCej5vL%2BIDLVV1TkJozNy9ngYieaN8W9vcoclYYsO9ydxjcr3w%2FLYcPg%2Fr%2BRyBKXgqfSOOow0Y2XCJ%2BCYwKThg%2F1GhqjnjZ4VhVhJFxzZtLnGbqwJKq4ngO%2BXmuo%2FKDIDVLS7KhvA%3D%3D
[debug] [2024-07-21T14:09:44.026Z] >>> [apiv2][body] PUT https://storage.googleapis.com/gcf-v2-uploads-862779424947-us-central1/e372060f-4667-4bc1-b8ee-2e1fbb5aec9f.zip [stream]
[debug] [2024-07-21T14:09:46.035Z] <<< [apiv2][status] PUT https://storage.googleapis.com/gcf-v2-uploads-862779424947-us-central1/e372060f-4667-4bc1-b8ee-2e1fbb5aec9f.zip 200
[debug] [2024-07-21T14:09:46.036Z] <<< [apiv2][body] PUT https://storage.googleapis.com/gcf-v2-uploads-862779424947-us-central1/e372060f-4667-4bc1-b8ee-2e1fbb5aec9f.zip [omitted]
[info] ✔  functions: functions folder uploaded successfully 
[info] i  functions: updating Node.js 18 (2nd Gen) function helloWorld(us-central1)... 
[info] i  functions: updating Node.js 18 (2nd Gen) function handleStripeWebhook(us-central1)... 
[debug] [2024-07-21T14:09:46.044Z] >>> [apiv2][query] PATCH https://cloudfunctions.googleapis.com/v2/projects/dollarydoodle-17566/locations/us-central1/functions/helloWorld updateMask=name%2CbuildConfig.runtime%2CbuildConfig.entryPoint%2CbuildConfig.source.storageSource.bucket%2CbuildConfig.source.storageSource.object%2CbuildConfig.environmentVariables%2CbuildConfig.sourceToken%2CserviceConfig.environmentVariables%2CserviceConfig.ingressSettings%2CserviceConfig.timeoutSeconds%2CserviceConfig.serviceAccountEmail%2CserviceConfig.availableMemory%2CserviceConfig.minInstanceCount%2CserviceConfig.maxInstanceCount%2CserviceConfig.maxInstanceRequestConcurrency%2CserviceConfig.availableCpu%2CserviceConfig.vpcConnector%2CserviceConfig.vpcConnectorEgressSettings%2Clabels%2CbuildConfig.buildEnvironmentVariables
[debug] [2024-07-21T14:09:46.044Z] >>> [apiv2][body] PATCH https://cloudfunctions.googleapis.com/v2/projects/dollarydoodle-17566/locations/us-central1/functions/helloWorld {"name":"projects/dollarydoodle-17566/locations/us-central1/functions/helloWorld","buildConfig":{"runtime":"nodejs18","entryPoint":"helloWorld","source":{"storageSource":{"bucket":"gcf-v2-uploads-862779424947-us-central1","object":"e372060f-4667-4bc1-b8ee-2e1fbb5aec9f.zip"}},"environmentVariables":{"GOOGLE_NODE_RUN_SCRIPTS":""}},"serviceConfig":{"environmentVariables":{"FIREBASE_CONFIG":"{\"projectId\":\"dollarydoodle-17566\",\"storageBucket\":\"dollarydoodle-17566.appspot.com\"}","GCLOUD_PROJECT":"dollarydoodle-17566","EVENTARC_CLOUD_EVENT_SOURCE":"projects/dollarydoodle-17566/locations/us-central1/services/helloWorld","FUNCTION_TARGET":"helloWorld","LOG_EXECUTION_ID":"true"},"ingressSettings":null,"timeoutSeconds":null,"serviceAccountEmail":null,"availableMemory":"256Mi","minInstanceCount":null,"maxInstanceCount":null,"maxInstanceRequestConcurrency":80,"availableCpu":"1","vpcConnector":null,"vpcConnectorEgressSettings":null},"labels":{"deployment-tool":"cli-firebase","firebase-functions-hash":"0a68ac14093e57659bae7e1efb84311a97ca610b"}}
[debug] [2024-07-21T14:09:48.265Z] <<< [apiv2][status] PATCH https://cloudfunctions.googleapis.com/v2/projects/dollarydoodle-17566/locations/us-central1/functions/helloWorld 200
[debug] [2024-07-21T14:09:48.265Z] <<< [apiv2][body] PATCH https://cloudfunctions.googleapis.com/v2/projects/dollarydoodle-17566/locations/us-central1/functions/helloWorld {"name":"projects/dollarydoodle-17566/locations/us-central1/operations/operation-1721570987450-61dc27b299f71-a2a7bcc0-15a87e62","metadata":{"@type":"type.googleapis.com/google.cloud.functions.v2.OperationMetadata","createTime":"2024-07-21T14:09:48.231466611Z","target":"projects/dollarydoodle-17566/locations/us-central1/functions/helloWorld","verb":"update","cancelRequested":false,"apiVersion":"v2"},"done":false}
[debug] [2024-07-21T14:09:48.267Z] >>> [apiv2][query] GET https://cloudfunctions.googleapis.com/v2/projects/dollarydoodle-17566/locations/us-central1/operations/operation-1721570987450-61dc27b299f71-a2a7bcc0-15a87e62 [none]
[debug] [2024-07-21T14:09:49.645Z] <<< [apiv2][status] GET https://cloudfunctions.googleapis.com/v2/projects/dollarydoodle-17566/locations/us-central1/operations/operation-1721570987450-61dc27b299f71-a2a7bcc0-15a87e62 200
[debug] [2024-07-21T14:09:49.662Z] <<< [apiv2][body] GET https://cloudfunctions.googleapis.com/v2/projects/dollarydoodle-17566/locations/us-central1/operations/operation-1721570987450-61dc27b299f71-a2a7bcc0-15a87e62 {"name":"projects/dollarydoodle-17566/locations/us-central1/operations/operation-1721570987450-61dc27b299f71-a2a7bcc0-15a87e62","metadata":{"@type":"type.googleapis.com/google.cloud.functions.v2.OperationMetadata","createTime":"2024-07-21T14:09:48.231466611Z","target":"projects/dollarydoodle-17566/locations/us-central1/functions/helloWorld","verb":"update","cancelRequested":false,"apiVersion":"v2","requestResource":{"@type":"type.googleapis.com/google.cloud.functions.v2.Function","name":"projects/dollarydoodle-17566/locations/us-central1/functions/helloWorld","buildConfig":{"runtime":"nodejs18","entryPoint":"helloWorld","source":{"storageSource":{"bucket":"gcf-v2-sources-862779424947-us-central1","object":"helloWorld/function-source.zip","generation":"1721570988187495"}},"environmentVariables":{"GOOGLE_NODE_RUN_SCRIPTS":""},"dockerRepository":"projects/dollarydoodle-17566/locations/us-central1/repositories/gcf-artifacts","sourceProvenance":{"resolvedStorageSource":{"bucket":"gcf-v2-sources-862779424947-us-central1","object":"helloWorld/function-source.zip","generation":"1721545144915018"}},"dockerRegistry":"ARTIFACT_REGISTRY","automaticUpdatePolicy":{}},"serviceConfig":{"service":"projects/dollarydoodle-17566/locations/us-central1/services/helloworld","timeoutSeconds":60,"environmentVariables":{"FIREBASE_CONFIG":"{\"projectId\":\"dollarydoodle-17566\",\"storageBucket\":\"dollarydoodle-17566.appspot.com\"}","GCLOUD_PROJECT":"dollarydoodle-17566","EVENTARC_CLOUD_EVENT_SOURCE":"projects/dollarydoodle-17566/locations/us-central1/services/helloWorld","FUNCTION_TARGET":"helloWorld","LOG_EXECUTION_ID":"true"},"ingressSettings":"ALLOW_ALL","serviceAccountEmail":"862779424947-compute@developer.gserviceaccount.com","availableMemory":"256Mi","allTrafficOnLatestRevision":true,"revision":"helloworld-00002-dur","maxInstanceRequestConcurrency":80,"availableCpu":"1"},"state":"ACTIVE","labels":{"deployment-tool":"cloudfunctions","firebase-functions-hash":"0a68ac14093e57659bae7e1efb84311a97ca610b"},"environment":"GEN_2","url":"https://us-central1-dollarydoodle-17566.cloudfunctions.net/helloWorld"},"stages":[{"name":"BUILD","message":"Build in progress","state":"IN_PROGRESS","resource":"projects/862779424947/locations/us-central1/builds/6ef5a621-b71d-4a1e-ac9c-e8e7b271fabc","resourceUri":"https://console.cloud.google.com/cloud-build/builds;region=us-central1/6ef5a621-b71d-4a1e-ac9c-e8e7b271fabc?project=862779424947"},{"name":"SERVICE","state":"NOT_STARTED"}],"operationType":"UPDATE_FUNCTION"},"done":false}
[debug] [2024-07-21T14:09:50.166Z] [update-default-us-central1-helloWorld] Retrying task index 0
[debug] [2024-07-21T14:09:50.166Z] >>> [apiv2][query] GET https://cloudfunctions.googleapis.com/v2/projects/dollarydoodle-17566/locations/us-central1/operations/operation-1721570987450-61dc27b299f71-a2a7bcc0-15a87e62 [none]
[debug] [2024-07-21T14:09:51.521Z] <<< [apiv2][status] GET https://cloudfunctions.googleapis.com/v2/projects/dollarydoodle-17566/locations/us-central1/operations/operation-1721570987450-61dc27b299f71-a2a7bcc0-15a87e62 200
[debug] [2024-07-21T14:09:51.522Z] <<< [apiv2][body] GET https://cloudfunctions.googleapis.com/v2/projects/dollarydoodle-17566/locations/us-central1/operations/operation-1721570987450-61dc27b299f71-a2a7bcc0-15a87e62 {"name":"projects/dollarydoodle-17566/locations/us-central1/operations/operation-1721570987450-61dc27b299f71-a2a7bcc0-15a87e62","metadata":{"@type":"type.googleapis.com/google.cloud.functions.v2.OperationMetadata","createTime":"2024-07-21T14:09:48.231466611Z","target":"projects/dollarydoodle-17566/locations/us-central1/functions/helloWorld","verb":"update","cancelRequested":false,"apiVersion":"v2","requestResource":{"@type":"type.googleapis.com/google.cloud.functions.v2.Function","name":"projects/dollarydoodle-17566/locations/us-central1/functions/helloWorld","buildConfig":{"runtime":"nodejs18","entryPoint":"helloWorld","source":{"storageSource":{"bucket":"gcf-v2-sources-862779424947-us-central1","object":"helloWorld/function-source.zip","generation":"1721570988187495"}},"environmentVariables":{"GOOGLE_NODE_RUN_SCRIPTS":""},"dockerRepository":"projects/dollarydoodle-17566/locations/us-central1/repositories/gcf-artifacts","sourceProvenance":{"resolvedStorageSource":{"bucket":"gcf-v2-sources-862779424947-us-central1","object":"helloWorld/function-source.zip","generation":"1721545144915018"}},"dockerRegistry":"ARTIFACT_REGISTRY","automaticUpdatePolicy":{}},"serviceConfig":{"service":"projects/dollarydoodle-17566/locations/us-central1/services/helloworld","timeoutSeconds":60,"environmentVariables":{"FIREBASE_CONFIG":"{\"projectId\":\"dollarydoodle-17566\",\"storageBucket\":\"dollarydoodle-17566.appspot.com\"}","GCLOUD_PROJECT":"dollarydoodle-17566","EVENTARC_CLOUD_EVENT_SOURCE":"projects/dollarydoodle-17566/locations/us-central1/services/helloWorld","FUNCTION_TARGET":"helloWorld","LOG_EXECUTION_ID":"true"},"ingressSettings":"ALLOW_ALL","serviceAccountEmail":"862779424947-compute@developer.gserviceaccount.com","availableMemory":"256Mi","allTrafficOnLatestRevision":true,"revision":"helloworld-00002-dur","maxInstanceRequestConcurrency":80,"availableCpu":"1"},"state":"ACTIVE","labels":{"deployment-tool":"cloudfunctions","firebase-functions-hash":"0a68ac14093e57659bae7e1efb84311a97ca610b"},"environment":"GEN_2","url":"https://us-central1-dollarydoodle-17566.cloudfunctions.net/helloWorld"},"stages":[{"name":"BUILD","message":"Build in progress","state":"IN_PROGRESS","resource":"projects/862779424947/locations/us-central1/builds/6ef5a621-b71d-4a1e-ac9c-e8e7b271fabc","resourceUri":"https://console.cloud.google.com/cloud-build/builds;region=us-central1/6ef5a621-b71d-4a1e-ac9c-e8e7b271fabc?project=862779424947"},{"name":"SERVICE","state":"NOT_STARTED"}],"operationType":"UPDATE_FUNCTION"},"done":false}
[debug] [2024-07-21T14:09:52.528Z] [update-default-us-central1-helloWorld] Retrying task index 0
[debug] [2024-07-21T14:09:52.546Z] >>> [apiv2][query] GET https://cloudfunctions.googleapis.com/v2/projects/dollarydoodle-17566/locations/us-central1/operations/operation-1721570987450-61dc27b299f71-a2a7bcc0-15a87e62 [none]
[debug] [2024-07-21T14:09:53.966Z] <<< [apiv2][status] GET https://cloudfunctions.googleapis.com/v2/projects/dollarydoodle-17566/locations/us-central1/operations/operation-1721570987450-61dc27b299f71-a2a7bcc0-15a87e62 200
[debug] [2024-07-21T14:09:53.968Z] <<< [apiv2][body] GET https://cloudfunctions.googleapis.com/v2/projects/dollarydoodle-17566/locations/us-central1/operations/operation-1721570987450-61dc27b299f71-a2a7bcc0-15a87e62 {"name":"projects/dollarydoodle-17566/locations/us-central1/operations/operation-1721570987450-61dc27b299f71-a2a7bcc0-15a87e62","metadata":{"@type":"type.googleapis.com/google.cloud.functions.v2.OperationMetadata","createTime":"2024-07-21T14:09:48.231466611Z","target":"projects/dollarydoodle-17566/locations/us-central1/functions/helloWorld","verb":"update","cancelRequested":false,"apiVersion":"v2","requestResource":{"@type":"type.googleapis.com/google.cloud.functions.v2.Function","name":"projects/dollarydoodle-17566/locations/us-central1/functions/helloWorld","buildConfig":{"runtime":"nodejs18","entryPoint":"helloWorld","source":{"storageSource":{"bucket":"gcf-v2-sources-862779424947-us-central1","object":"helloWorld/function-source.zip","generation":"1721570988187495"}},"environmentVariables":{"GOOGLE_NODE_RUN_SCRIPTS":""},"dockerRepository":"projects/dollarydoodle-17566/locations/us-central1/repositories/gcf-artifacts","sourceProvenance":{"resolvedStorageSource":{"bucket":"gcf-v2-sources-862779424947-us-central1","object":"helloWorld/function-source.zip","generation":"1721545144915018"}},"dockerRegistry":"ARTIFACT_REGISTRY","automaticUpdatePolicy":{}},"serviceConfig":{"service":"projects/dollarydoodle-17566/locations/us-central1/services/helloworld","timeoutSeconds":60,"environmentVariables":{"FIREBASE_CONFIG":"{\"projectId\":\"dollarydoodle-17566\",\"storageBucket\":\"dollarydoodle-17566.appspot.com\"}","GCLOUD_PROJECT":"dollarydoodle-17566","EVENTARC_CLOUD_EVENT_SOURCE":"projects/dollarydoodle-17566/locations/us-central1/services/helloWorld","FUNCTION_TARGET":"helloWorld","LOG_EXECUTION_ID":"true"},"ingressSettings":"ALLOW_ALL","serviceAccountEmail":"862779424947-compute@developer.gserviceaccount.com","availableMemory":"256Mi","allTrafficOnLatestRevision":true,"revision":"helloworld-00002-dur","maxInstanceRequestConcurrency":80,"availableCpu":"1"},"state":"ACTIVE","labels":{"deployment-tool":"cloudfunctions","firebase-functions-hash":"0a68ac14093e57659bae7e1efb84311a97ca610b"},"environment":"GEN_2","url":"https://us-central1-dollarydoodle-17566.cloudfunctions.net/helloWorld"},"stages":[{"name":"BUILD","message":"Build in progress","state":"IN_PROGRESS","resource":"projects/862779424947/locations/us-central1/builds/6ef5a621-b71d-4a1e-ac9c-e8e7b271fabc","resourceUri":"https://console.cloud.google.com/cloud-build/builds;region=us-central1/6ef5a621-b71d-4a1e-ac9c-e8e7b271fabc?project=862779424947"},{"name":"SERVICE","state":"NOT_STARTED"}],"operationType":"UPDATE_FUNCTION"},"done":false}
[debug] [2024-07-21T14:09:55.974Z] [update-default-us-central1-helloWorld] Retrying task index 0
[debug] [2024-07-21T14:09:55.984Z] >>> [apiv2][query] GET https://cloudfunctions.googleapis.com/v2/projects/dollarydoodle-17566/locations/us-central1/operations/operation-1721570987450-61dc27b299f71-a2a7bcc0-15a87e62 [none]
[debug] [2024-07-21T14:09:57.446Z] <<< [apiv2][status] GET https://cloudfunctions.googleapis.com/v2/projects/dollarydoodle-17566/locations/us-central1/operations/operation-1721570987450-61dc27b299f71-a2a7bcc0-15a87e62 200
[debug] [2024-07-21T14:09:57.454Z] <<< [apiv2][body] GET https://cloudfunctions.googleapis.com/v2/projects/dollarydoodle-17566/locations/us-central1/operations/operation-1721570987450-61dc27b299f71-a2a7bcc0-15a87e62 {"name":"projects/dollarydoodle-17566/locations/us-central1/operations/operation-1721570987450-61dc27b299f71-a2a7bcc0-15a87e62","metadata":{"@type":"type.googleapis.com/google.cloud.functions.v2.OperationMetadata","createTime":"2024-07-21T14:09:48.231466611Z","target":"projects/dollarydoodle-17566/locations/us-central1/functions/helloWorld","verb":"update","cancelRequested":false,"apiVersion":"v2","requestResource":{"@type":"type.googleapis.com/google.cloud.functions.v2.Function","name":"projects/dollarydoodle-17566/locations/us-central1/functions/helloWorld","buildConfig":{"runtime":"nodejs18","entryPoint":"helloWorld","source":{"storageSource":{"bucket":"gcf-v2-sources-862779424947-us-central1","object":"helloWorld/function-source.zip","generation":"1721570988187495"}},"environmentVariables":{"GOOGLE_NODE_RUN_SCRIPTS":""},"dockerRepository":"projects/dollarydoodle-17566/locations/us-central1/repositories/gcf-artifacts","sourceProvenance":{"resolvedStorageSource":{"bucket":"gcf-v2-sources-862779424947-us-central1","object":"helloWorld/function-source.zip","generation":"1721545144915018"}},"dockerRegistry":"ARTIFACT_REGISTRY","automaticUpdatePolicy":{}},"serviceConfig":{"service":"projects/dollarydoodle-17566/locations/us-central1/services/helloworld","timeoutSeconds":60,"environmentVariables":{"FIREBASE_CONFIG":"{\"projectId\":\"dollarydoodle-17566\",\"storageBucket\":\"dollarydoodle-17566.appspot.com\"}","GCLOUD_PROJECT":"dollarydoodle-17566","EVENTARC_CLOUD_EVENT_SOURCE":"projects/dollarydoodle-17566/locations/us-central1/services/helloWorld","FUNCTION_TARGET":"helloWorld","LOG_EXECUTION_ID":"true"},"ingressSettings":"ALLOW_ALL","serviceAccountEmail":"862779424947-compute@developer.gserviceaccount.com","availableMemory":"256Mi","allTrafficOnLatestRevision":true,"revision":"helloworld-00002-dur","maxInstanceRequestConcurrency":80,"availableCpu":"1"},"state":"ACTIVE","labels":{"deployment-tool":"cloudfunctions","firebase-functions-hash":"0a68ac14093e57659bae7e1efb84311a97ca610b"},"environment":"GEN_2","url":"https://us-central1-dollarydoodle-17566.cloudfunctions.net/helloWorld"},"stages":[{"name":"BUILD","message":"Build in progress","state":"IN_PROGRESS","resource":"projects/862779424947/locations/us-central1/builds/6ef5a621-b71d-4a1e-ac9c-e8e7b271fabc","resourceUri":"https://console.cloud.google.com/cloud-build/builds;region=us-central1/6ef5a621-b71d-4a1e-ac9c-e8e7b271fabc?project=862779424947"},{"name":"SERVICE","state":"NOT_STARTED"}],"operationType":"UPDATE_FUNCTION"},"done":false}
[debug] [2024-07-21T14:10:01.458Z] [update-default-us-central1-helloWorld] Retrying task index 0
[debug] [2024-07-21T14:10:01.465Z] >>> [apiv2][query] GET https://cloudfunctions.googleapis.com/v2/projects/dollarydoodle-17566/locations/us-central1/operations/operation-1721570987450-61dc27b299f71-a2a7bcc0-15a87e62 [none]
[debug] [2024-07-21T14:10:02.869Z] <<< [apiv2][status] GET https://cloudfunctions.googleapis.com/v2/projects/dollarydoodle-17566/locations/us-central1/operations/operation-1721570987450-61dc27b299f71-a2a7bcc0-15a87e62 200
[debug] [2024-07-21T14:10:02.870Z] <<< [apiv2][body] GET https://cloudfunctions.googleapis.com/v2/projects/dollarydoodle-17566/locations/us-central1/operations/operation-1721570987450-61dc27b299f71-a2a7bcc0-15a87e62 {"name":"projects/dollarydoodle-17566/locations/us-central1/operations/operation-1721570987450-61dc27b299f71-a2a7bcc0-15a87e62","metadata":{"@type":"type.googleapis.com/google.cloud.functions.v2.OperationMetadata","createTime":"2024-07-21T14:09:48.231466611Z","target":"projects/dollarydoodle-17566/locations/us-central1/functions/helloWorld","verb":"update","cancelRequested":false,"apiVersion":"v2","requestResource":{"@type":"type.googleapis.com/google.cloud.functions.v2.Function","name":"projects/dollarydoodle-17566/locations/us-central1/functions/helloWorld","buildConfig":{"runtime":"nodejs18","entryPoint":"helloWorld","source":{"storageSource":{"bucket":"gcf-v2-sources-862779424947-us-central1","object":"helloWorld/function-source.zip","generation":"1721570988187495"}},"environmentVariables":{"GOOGLE_NODE_RUN_SCRIPTS":""},"dockerRepository":"projects/dollarydoodle-17566/locations/us-central1/repositories/gcf-artifacts","sourceProvenance":{"resolvedStorageSource":{"bucket":"gcf-v2-sources-862779424947-us-central1","object":"helloWorld/function-source.zip","generation":"1721545144915018"}},"dockerRegistry":"ARTIFACT_REGISTRY","automaticUpdatePolicy":{}},"serviceConfig":{"service":"projects/dollarydoodle-17566/locations/us-central1/services/helloworld","timeoutSeconds":60,"environmentVariables":{"FIREBASE_CONFIG":"{\"projectId\":\"dollarydoodle-17566\",\"storageBucket\":\"dollarydoodle-17566.appspot.com\"}","GCLOUD_PROJECT":"dollarydoodle-17566","EVENTARC_CLOUD_EVENT_SOURCE":"projects/dollarydoodle-17566/locations/us-central1/services/helloWorld","FUNCTION_TARGET":"helloWorld","LOG_EXECUTION_ID":"true"},"ingressSettings":"ALLOW_ALL","serviceAccountEmail":"862779424947-compute@developer.gserviceaccount.com","availableMemory":"256Mi","allTrafficOnLatestRevision":true,"revision":"helloworld-00002-dur","maxInstanceRequestConcurrency":80,"availableCpu":"1"},"state":"ACTIVE","labels":{"deployment-tool":"cloudfunctions","firebase-functions-hash":"0a68ac14093e57659bae7e1efb84311a97ca610b"},"environment":"GEN_2","url":"https://us-central1-dollarydoodle-17566.cloudfunctions.net/helloWorld"},"stages":[{"name":"BUILD","message":"Build in progress","state":"IN_PROGRESS","resource":"projects/862779424947/locations/us-central1/builds/6ef5a621-b71d-4a1e-ac9c-e8e7b271fabc","resourceUri":"https://console.cloud.google.com/cloud-build/builds;region=us-central1/6ef5a621-b71d-4a1e-ac9c-e8e7b271fabc?project=862779424947"},{"name":"SERVICE","state":"NOT_STARTED"}],"operationType":"UPDATE_FUNCTION"},"done":false}
[debug] [2024-07-21T14:10:10.876Z] [update-default-us-central1-helloWorld] Retrying task index 0
[debug] [2024-07-21T14:10:10.906Z] >>> [apiv2][query] GET https://cloudfunctions.googleapis.com/v2/projects/dollarydoodle-17566/locations/us-central1/operations/operation-1721570987450-61dc27b299f71-a2a7bcc0-15a87e62 [none]
[debug] [2024-07-21T14:10:12.369Z] <<< [apiv2][status] GET https://cloudfunctions.googleapis.com/v2/projects/dollarydoodle-17566/locations/us-central1/operations/operation-1721570987450-61dc27b299f71-a2a7bcc0-15a87e62 200
[debug] [2024-07-21T14:10:12.370Z] <<< [apiv2][body] GET https://cloudfunctions.googleapis.com/v2/projects/dollarydoodle-17566/locations/us-central1/operations/operation-1721570987450-61dc27b299f71-a2a7bcc0-15a87e62 {"name":"projects/dollarydoodle-17566/locations/us-central1/operations/operation-1721570987450-61dc27b299f71-a2a7bcc0-15a87e62","metadata":{"@type":"type.googleapis.com/google.cloud.functions.v2.OperationMetadata","createTime":"2024-07-21T14:09:48.231466611Z","target":"projects/dollarydoodle-17566/locations/us-central1/functions/helloWorld","verb":"update","cancelRequested":false,"apiVersion":"v2","requestResource":{"@type":"type.googleapis.com/google.cloud.functions.v2.Function","name":"projects/dollarydoodle-17566/locations/us-central1/functions/helloWorld","buildConfig":{"runtime":"nodejs18","entryPoint":"helloWorld","source":{"storageSource":{"bucket":"gcf-v2-sources-862779424947-us-central1","object":"helloWorld/function-source.zip","generation":"1721570988187495"}},"environmentVariables":{"GOOGLE_NODE_RUN_SCRIPTS":""},"dockerRepository":"projects/dollarydoodle-17566/locations/us-central1/repositories/gcf-artifacts","sourceProvenance":{"resolvedStorageSource":{"bucket":"gcf-v2-sources-862779424947-us-central1","object":"helloWorld/function-source.zip","generation":"1721545144915018"}},"dockerRegistry":"ARTIFACT_REGISTRY","automaticUpdatePolicy":{}},"serviceConfig":{"service":"projects/dollarydoodle-17566/locations/us-central1/services/helloworld","timeoutSeconds":60,"environmentVariables":{"FIREBASE_CONFIG":"{\"projectId\":\"dollarydoodle-17566\",\"storageBucket\":\"dollarydoodle-17566.appspot.com\"}","GCLOUD_PROJECT":"dollarydoodle-17566","EVENTARC_CLOUD_EVENT_SOURCE":"projects/dollarydoodle-17566/locations/us-central1/services/helloWorld","FUNCTION_TARGET":"helloWorld","LOG_EXECUTION_ID":"true"},"ingressSettings":"ALLOW_ALL","serviceAccountEmail":"862779424947-compute@developer.gserviceaccount.com","availableMemory":"256Mi","allTrafficOnLatestRevision":true,"revision":"helloworld-00002-dur","maxInstanceRequestConcurrency":80,"availableCpu":"1"},"state":"ACTIVE","labels":{"deployment-tool":"cloudfunctions","firebase-functions-hash":"0a68ac14093e57659bae7e1efb84311a97ca610b"},"environment":"GEN_2","url":"https://us-central1-dollarydoodle-17566.cloudfunctions.net/helloWorld"},"stages":[{"name":"BUILD","message":"Build in progress","state":"IN_PROGRESS","resource":"projects/862779424947/locations/us-central1/builds/6ef5a621-b71d-4a1e-ac9c-e8e7b271fabc","resourceUri":"https://console.cloud.google.com/cloud-build/builds;region=us-central1/6ef5a621-b71d-4a1e-ac9c-e8e7b271fabc?project=862779424947"},{"name":"SERVICE","state":"NOT_STARTED"}],"operationType":"UPDATE_FUNCTION"},"done":false}
[debug] [2024-07-21T14:10:22.372Z] [update-default-us-central1-helloWorld] Retrying task index 0
[debug] [2024-07-21T14:10:22.383Z] >>> [apiv2][query] GET https://cloudfunctions.googleapis.com/v2/projects/dollarydoodle-17566/locations/us-central1/operations/operation-1721570987450-61dc27b299f71-a2a7bcc0-15a87e62 [none]
[debug] [2024-07-21T14:10:23.909Z] <<< [apiv2][status] GET https://cloudfunctions.googleapis.com/v2/projects/dollarydoodle-17566/locations/us-central1/operations/operation-1721570987450-61dc27b299f71-a2a7bcc0-15a87e62 200
[debug] [2024-07-21T14:10:23.910Z] <<< [apiv2][body] GET https://cloudfunctions.googleapis.com/v2/projects/dollarydoodle-17566/locations/us-central1/operations/operation-1721570987450-61dc27b299f71-a2a7bcc0-15a87e62 {"name":"projects/dollarydoodle-17566/locations/us-central1/operations/operation-1721570987450-61dc27b299f71-a2a7bcc0-15a87e62","metadata":{"@type":"type.googleapis.com/google.cloud.functions.v2.OperationMetadata","createTime":"2024-07-21T14:09:48.231466611Z","target":"projects/dollarydoodle-17566/locations/us-central1/functions/helloWorld","verb":"update","cancelRequested":false,"apiVersion":"v2","requestResource":{"@type":"type.googleapis.com/google.cloud.functions.v2.Function","name":"projects/dollarydoodle-17566/locations/us-central1/functions/helloWorld","buildConfig":{"runtime":"nodejs18","entryPoint":"helloWorld","source":{"storageSource":{"bucket":"gcf-v2-sources-862779424947-us-central1","object":"helloWorld/function-source.zip","generation":"1721570988187495"}},"environmentVariables":{"GOOGLE_NODE_RUN_SCRIPTS":""},"dockerRepository":"projects/dollarydoodle-17566/locations/us-central1/repositories/gcf-artifacts","sourceProvenance":{"resolvedStorageSource":{"bucket":"gcf-v2-sources-862779424947-us-central1","object":"helloWorld/function-source.zip","generation":"1721545144915018"}},"dockerRegistry":"ARTIFACT_REGISTRY","automaticUpdatePolicy":{}},"serviceConfig":{"service":"projects/dollarydoodle-17566/locations/us-central1/services/helloworld","timeoutSeconds":60,"environmentVariables":{"FIREBASE_CONFIG":"{\"projectId\":\"dollarydoodle-17566\",\"storageBucket\":\"dollarydoodle-17566.appspot.com\"}","GCLOUD_PROJECT":"dollarydoodle-17566","EVENTARC_CLOUD_EVENT_SOURCE":"projects/dollarydoodle-17566/locations/us-central1/services/helloWorld","FUNCTION_TARGET":"helloWorld","LOG_EXECUTION_ID":"true"},"ingressSettings":"ALLOW_ALL","serviceAccountEmail":"862779424947-compute@developer.gserviceaccount.com","availableMemory":"256Mi","allTrafficOnLatestRevision":true,"revision":"helloworld-00002-dur","maxInstanceRequestConcurrency":80,"availableCpu":"1"},"state":"ACTIVE","labels":{"deployment-tool":"cloudfunctions","firebase-functions-hash":"0a68ac14093e57659bae7e1efb84311a97ca610b"},"environment":"GEN_2","url":"https://us-central1-dollarydoodle-17566.cloudfunctions.net/helloWorld"},"stages":[{"name":"BUILD","message":"Build in progress","state":"IN_PROGRESS","resource":"projects/862779424947/locations/us-central1/builds/6ef5a621-b71d-4a1e-ac9c-e8e7b271fabc","resourceUri":"https://console.cloud.google.com/cloud-build/builds;region=us-central1/6ef5a621-b71d-4a1e-ac9c-e8e7b271fabc?project=862779424947"},{"name":"SERVICE","state":"NOT_STARTED"}],"operationType":"UPDATE_FUNCTION"},"done":false}
[debug] [2024-07-21T14:10:33.915Z] [update-default-us-central1-helloWorld] Retrying task index 0
[debug] [2024-07-21T14:10:33.919Z] >>> [apiv2][query] GET https://cloudfunctions.googleapis.com/v2/projects/dollarydoodle-17566/locations/us-central1/operations/operation-1721570987450-61dc27b299f71-a2a7bcc0-15a87e62 [none]
[debug] [2024-07-21T14:10:34.315Z] <<< [apiv2][status] GET https://cloudfunctions.googleapis.com/v2/projects/dollarydoodle-17566/locations/us-central1/operations/operation-1721570987450-61dc27b299f71-a2a7bcc0-15a87e62 200
[debug] [2024-07-21T14:10:34.316Z] <<< [apiv2][body] GET https://cloudfunctions.googleapis.com/v2/projects/dollarydoodle-17566/locations/us-central1/operations/operation-1721570987450-61dc27b299f71-a2a7bcc0-15a87e62 {"name":"projects/dollarydoodle-17566/locations/us-central1/operations/operation-1721570987450-61dc27b299f71-a2a7bcc0-15a87e62","metadata":{"@type":"type.googleapis.com/google.cloud.functions.v2.OperationMetadata","createTime":"2024-07-21T14:09:48.231466611Z","target":"projects/dollarydoodle-17566/locations/us-central1/functions/helloWorld","verb":"update","cancelRequested":false,"apiVersion":"v2","requestResource":{"@type":"type.googleapis.com/google.cloud.functions.v2.Function","name":"projects/dollarydoodle-17566/locations/us-central1/functions/helloWorld","buildConfig":{"runtime":"nodejs18","entryPoint":"helloWorld","source":{"storageSource":{"bucket":"gcf-v2-sources-862779424947-us-central1","object":"helloWorld/function-source.zip","generation":"1721570988187495"}},"environmentVariables":{"GOOGLE_NODE_RUN_SCRIPTS":""},"dockerRepository":"projects/dollarydoodle-17566/locations/us-central1/repositories/gcf-artifacts","sourceProvenance":{"resolvedStorageSource":{"bucket":"gcf-v2-sources-862779424947-us-central1","object":"helloWorld/function-source.zip","generation":"1721545144915018"}},"dockerRegistry":"ARTIFACT_REGISTRY","automaticUpdatePolicy":{}},"serviceConfig":{"service":"projects/dollarydoodle-17566/locations/us-central1/services/helloworld","timeoutSeconds":60,"environmentVariables":{"FIREBASE_CONFIG":"{\"projectId\":\"dollarydoodle-17566\",\"storageBucket\":\"dollarydoodle-17566.appspot.com\"}","GCLOUD_PROJECT":"dollarydoodle-17566","EVENTARC_CLOUD_EVENT_SOURCE":"projects/dollarydoodle-17566/locations/us-central1/services/helloWorld","FUNCTION_TARGET":"helloWorld","LOG_EXECUTION_ID":"true"},"ingressSettings":"ALLOW_ALL","serviceAccountEmail":"862779424947-compute@developer.gserviceaccount.com","availableMemory":"256Mi","allTrafficOnLatestRevision":true,"revision":"helloworld-00002-dur","maxInstanceRequestConcurrency":80,"availableCpu":"1"},"state":"ACTIVE","labels":{"deployment-tool":"cloudfunctions","firebase-functions-hash":"0a68ac14093e57659bae7e1efb84311a97ca610b"},"environment":"GEN_2","url":"https://us-central1-dollarydoodle-17566.cloudfunctions.net/helloWorld"},"stages":[{"name":"BUILD","message":"Build finished","state":"COMPLETE","resource":"projects/862779424947/locations/us-central1/builds/6ef5a621-b71d-4a1e-ac9c-e8e7b271fabc","resourceUri":"https://console.cloud.google.com/cloud-build/builds;region=us-central1/6ef5a621-b71d-4a1e-ac9c-e8e7b271fabc?project=862779424947"},{"name":"SERVICE","message":"Updating Cloud Run service","state":"IN_PROGRESS","resource":"projects/dollarydoodle-17566/locations/us-central1/services/helloworld","resourceUri":"https://console.cloud.google.com/run/detail/us-central1/helloworld?project=dollarydoodle-17566","stateMessages":[{"severity":"INFO","type":"CloudRunServiceNewRevisionTrafficInfo","message":"A new revision will be deployed serving with 100% traffic."}]}],"sourceToken":"Cldwcm9qZWN0cy84NjI3Nzk0MjQ5NDcvbG9jYXRpb25zL3VzLWNlbnRyYWwxL2J1aWxkcy82ZWY1YTYyMS1iNzFkLTRhMWUtYWM5Yy1lOGU3YjI3MWZhYmMSUnVzLWNlbnRyYWwxLWRvY2tlci5wa2cuZGV2L2RvbGxhcnlkb29kbGUtMTc1NjYvZ2NmLWFydGlmYWN0cy9oZWxsb193b3JsZDp2ZXJzaW9uXzEYs4GljY4ZIkdwcm9qZWN0cy9kb2xsYXJ5ZG9vZGxlLTE3NTY2L2xvY2F0aW9ucy91cy1jZW50cmFsMS9mdW5jdGlvbnMvaGVsbG9Xb3JsZCoLCNCt9LQGELCSuy4yCG5vZGVqczE4OnYKI2djci5pby9nYWUtcnVudGltZXMvbm9kZWpzMTg6c3RhYmxlEk91cy1jZW50cmFsMS1kb2NrZXIucGtnLmRldi9zZXJ2ZXJsZXNzLXJ1bnRpbWVzL2dvb2dsZS0yMi1mdWxsL3J1bnRpbWVzL25vZGVqczE4QAE=","operationType":"UPDATE_FUNCTION"},"done":false}
[debug] [2024-07-21T14:10:34.317Z] Got source token Cldwcm9qZWN0cy84NjI3Nzk0MjQ5NDcvbG9jYXRpb25zL3VzLWNlbnRyYWwxL2J1aWxkcy82ZWY1YTYyMS1iNzFkLTRhMWUtYWM5Yy1lOGU3YjI3MWZhYmMSUnVzLWNlbnRyYWwxLWRvY2tlci5wa2cuZGV2L2RvbGxhcnlkb29kbGUtMTc1NjYvZ2NmLWFydGlmYWN0cy9oZWxsb193b3JsZDp2ZXJzaW9uXzEYs4GljY4ZIkdwcm9qZWN0cy9kb2xsYXJ5ZG9vZGxlLTE3NTY2L2xvY2F0aW9ucy91cy1jZW50cmFsMS9mdW5jdGlvbnMvaGVsbG9Xb3JsZCoLCNCt9LQGELCSuy4yCG5vZGVqczE4OnYKI2djci5pby9nYWUtcnVudGltZXMvbm9kZWpzMTg6c3RhYmxlEk91cy1jZW50cmFsMS1kb2NrZXIucGtnLmRldi9zZXJ2ZXJsZXNzLXJ1bnRpbWVzL2dvb2dsZS0yMi1mdWxsL3J1bnRpbWVzL25vZGVqczE4QAE= for region us-central1
[debug] [2024-07-21T14:10:34.325Z] >>> [apiv2][query] PATCH https://cloudfunctions.googleapis.com/v2/projects/dollarydoodle-17566/locations/us-central1/functions/handleStripeWebhook updateMask=name%2CbuildConfig.runtime%2CbuildConfig.entryPoint%2CbuildConfig.source.storageSource.bucket%2CbuildConfig.source.storageSource.object%2CbuildConfig.environmentVariables%2CbuildConfig.sourceToken%2CserviceConfig.environmentVariables%2CserviceConfig.ingressSettings%2CserviceConfig.timeoutSeconds%2CserviceConfig.serviceAccountEmail%2CserviceConfig.availableMemory%2CserviceConfig.minInstanceCount%2CserviceConfig.maxInstanceCount%2CserviceConfig.maxInstanceRequestConcurrency%2CserviceConfig.availableCpu%2CserviceConfig.vpcConnector%2CserviceConfig.vpcConnectorEgressSettings%2Clabels%2CbuildConfig.buildEnvironmentVariables
[debug] [2024-07-21T14:10:34.326Z] >>> [apiv2][body] PATCH https://cloudfunctions.googleapis.com/v2/projects/dollarydoodle-17566/locations/us-central1/functions/handleStripeWebhook {"name":"projects/dollarydoodle-17566/locations/us-central1/functions/handleStripeWebhook","buildConfig":{"runtime":"nodejs18","entryPoint":"handleStripeWebhook","source":{"storageSource":{"bucket":"gcf-v2-uploads-862779424947-us-central1","object":"e372060f-4667-4bc1-b8ee-2e1fbb5aec9f.zip"}},"environmentVariables":{"GOOGLE_NODE_RUN_SCRIPTS":""},"sourceToken":"Cldwcm9qZWN0cy84NjI3Nzk0MjQ5NDcvbG9jYXRpb25zL3VzLWNlbnRyYWwxL2J1aWxkcy82ZWY1YTYyMS1iNzFkLTRhMWUtYWM5Yy1lOGU3YjI3MWZhYmMSUnVzLWNlbnRyYWwxLWRvY2tlci5wa2cuZGV2L2RvbGxhcnlkb29kbGUtMTc1NjYvZ2NmLWFydGlmYWN0cy9oZWxsb193b3JsZDp2ZXJzaW9uXzEYs4GljY4ZIkdwcm9qZWN0cy9kb2xsYXJ5ZG9vZGxlLTE3NTY2L2xvY2F0aW9ucy91cy1jZW50cmFsMS9mdW5jdGlvbnMvaGVsbG9Xb3JsZCoLCNCt9LQGELCSuy4yCG5vZGVqczE4OnYKI2djci5pby9nYWUtcnVudGltZXMvbm9kZWpzMTg6c3RhYmxlEk91cy1jZW50cmFsMS1kb2NrZXIucGtnLmRldi9zZXJ2ZXJsZXNzLXJ1bnRpbWVzL2dvb2dsZS0yMi1mdWxsL3J1bnRpbWVzL25vZGVqczE4QAE="},"serviceConfig":{"environmentVariables":{"FIREBASE_CONFIG":"{\"projectId\":\"dollarydoodle-17566\",\"storageBucket\":\"dollarydoodle-17566.appspot.com\"}","GCLOUD_PROJECT":"dollarydoodle-17566","EVENTARC_CLOUD_EVENT_SOURCE":"projects/dollarydoodle-17566/locations/us-central1/services/handleStripeWebhook","FUNCTION_TARGET":"handleStripeWebhook","LOG_EXECUTION_ID":"true","FUNCTION_SIGNATURE_TYPE":"http"},"ingressSettings":null,"timeoutSeconds":null,"serviceAccountEmail":null,"availableMemory":"256Mi","minInstanceCount":null,"maxInstanceCount":null,"maxInstanceRequestConcurrency":80,"availableCpu":"1","vpcConnector":null,"vpcConnectorEgressSettings":null},"labels":{"deployment-tool":"cli-firebase","firebase-functions-hash":"0a68ac14093e57659bae7e1efb84311a97ca610b"}}
[debug] [2024-07-21T14:10:36.429Z] <<< [apiv2][status] PATCH https://cloudfunctions.googleapis.com/v2/projects/dollarydoodle-17566/locations/us-central1/functions/handleStripeWebhook 200
[debug] [2024-07-21T14:10:36.432Z] <<< [apiv2][body] PATCH https://cloudfunctions.googleapis.com/v2/projects/dollarydoodle-17566/locations/us-central1/functions/handleStripeWebhook {"name":"projects/dollarydoodle-17566/locations/us-central1/operations/operation-1721571035757-61dc27e0abcb3-918fccef-1a46d770","metadata":{"@type":"type.googleapis.com/google.cloud.functions.v2.OperationMetadata","createTime":"2024-07-21T14:10:36.458482319Z","target":"projects/dollarydoodle-17566/locations/us-central1/functions/handleStripeWebhook","verb":"update","cancelRequested":false,"apiVersion":"v2"},"done":false}
[debug] [2024-07-21T14:10:36.436Z] >>> [apiv2][query] GET https://cloudfunctions.googleapis.com/v2/projects/dollarydoodle-17566/locations/us-central1/operations/operation-1721571035757-61dc27e0abcb3-918fccef-1a46d770 [none]
[debug] [2024-07-21T14:10:36.763Z] <<< [apiv2][status] GET https://cloudfunctions.googleapis.com/v2/projects/dollarydoodle-17566/locations/us-central1/operations/operation-1721571035757-61dc27e0abcb3-918fccef-1a46d770 200
[debug] [2024-07-21T14:10:36.764Z] <<< [apiv2][body] GET https://cloudfunctions.googleapis.com/v2/projects/dollarydoodle-17566/locations/us-central1/operations/operation-1721571035757-61dc27e0abcb3-918fccef-1a46d770 {"name":"projects/dollarydoodle-17566/locations/us-central1/operations/operation-1721571035757-61dc27e0abcb3-918fccef-1a46d770","metadata":{"@type":"type.googleapis.com/google.cloud.functions.v2.OperationMetadata","createTime":"2024-07-21T14:10:36.458482319Z","target":"projects/dollarydoodle-17566/locations/us-central1/functions/handleStripeWebhook","verb":"update","cancelRequested":false,"apiVersion":"v2","requestResource":{"@type":"type.googleapis.com/google.cloud.functions.v2.Function","name":"projects/dollarydoodle-17566/locations/us-central1/functions/handleStripeWebhook","buildConfig":{"runtime":"nodejs18","entryPoint":"handleStripeWebhook","source":{"storageSource":{"bucket":"gcf-v2-sources-862779424947-us-central1","object":"handleStripeWebhook/function-source.zip","generation":"1721571036425100"}},"environmentVariables":{"GOOGLE_NODE_RUN_SCRIPTS":""},"dockerRepository":"projects/dollarydoodle-17566/locations/us-central1/repositories/gcf-artifacts","sourceProvenance":{"resolvedStorageSource":{"bucket":"gcf-v2-sources-862779424947-us-central1","object":"handleStripeWebhook/function-source.zip","generation":"1721557507043851"}},"dockerRegistry":"ARTIFACT_REGISTRY","sourceToken":"Cldwcm9qZWN0cy84NjI3Nzk0MjQ5NDcvbG9jYXRpb25zL3VzLWNlbnRyYWwxL2J1aWxkcy82ZWY1YTYyMS1iNzFkLTRhMWUtYWM5Yy1lOGU3YjI3MWZhYmMSUnVzLWNlbnRyYWwxLWRvY2tlci5wa2cuZGV2L2RvbGxhcnlkb29kbGUtMTc1NjYvZ2NmLWFydGlmYWN0cy9oZWxsb193b3JsZDp2ZXJzaW9uXzEYs4GljY4ZIkdwcm9qZWN0cy9kb2xsYXJ5ZG9vZGxlLTE3NTY2L2xvY2F0aW9ucy91cy1jZW50cmFsMS9mdW5jdGlvbnMvaGVsbG9Xb3JsZCoLCNCt9LQGELCSuy4yCG5vZGVqczE4OnYKI2djci5pby9nYWUtcnVudGltZXMvbm9kZWpzMTg6c3RhYmxlEk91cy1jZW50cmFsMS1kb2NrZXIucGtnLmRldi9zZXJ2ZXJsZXNzLXJ1bnRpbWVzL2dvb2dsZS0yMi1mdWxsL3J1bnRpbWVzL25vZGVqczE4QAE=","automaticUpdatePolicy":{}},"serviceConfig":{"service":"projects/dollarydoodle-17566/locations/us-central1/services/handlestripewebhook","timeoutSeconds":60,"environmentVariables":{"FIREBASE_CONFIG":"{\"projectId\":\"dollarydoodle-17566\",\"storageBucket\":\"dollarydoodle-17566.appspot.com\"}","GCLOUD_PROJECT":"dollarydoodle-17566","EVENTARC_CLOUD_EVENT_SOURCE":"projects/dollarydoodle-17566/locations/us-central1/services/handleStripeWebhook","FUNCTION_TARGET":"handleStripeWebhook","LOG_EXECUTION_ID":"true","FUNCTION_SIGNATURE_TYPE":"http"},"ingressSettings":"ALLOW_ALL","serviceAccountEmail":"862779424947-compute@developer.gserviceaccount.com","availableMemory":"256Mi","allTrafficOnLatestRevision":true,"revision":"handlestripewebhook-00002-kul","maxInstanceRequestConcurrency":80,"availableCpu":"1"},"state":"ACTIVE","labels":{"deployment-tool":"cloudfunctions","firebase-functions-hash":"0a68ac14093e57659bae7e1efb84311a97ca610b"},"environment":"GEN_2","url":"https://us-central1-dollarydoodle-17566.cloudfunctions.net/handleStripeWebhook"},"stages":[{"name":"BUILD","message":"Reusing build","state":"COMPLETE","resource":"projects/862779424947/locations/us-central1/builds/6ef5a621-b71d-4a1e-ac9c-e8e7b271fabc"},{"name":"SERVICE","state":"NOT_STARTED"}],"sourceToken":"Cldwcm9qZWN0cy84NjI3Nzk0MjQ5NDcvbG9jYXRpb25zL3VzLWNlbnRyYWwxL2J1aWxkcy82ZWY1YTYyMS1iNzFkLTRhMWUtYWM5Yy1lOGU3YjI3MWZhYmMSUnVzLWNlbnRyYWwxLWRvY2tlci5wa2cuZGV2L2RvbGxhcnlkb29kbGUtMTc1NjYvZ2NmLWFydGlmYWN0cy9oZWxsb193b3JsZDp2ZXJzaW9uXzEYs4GljY4ZIkdwcm9qZWN0cy9kb2xsYXJ5ZG9vZGxlLTE3NTY2L2xvY2F0aW9ucy91cy1jZW50cmFsMS9mdW5jdGlvbnMvaGVsbG9Xb3JsZCoLCNCt9LQGELCSuy4yCG5vZGVqczE4OnYKI2djci5pby9nYWUtcnVudGltZXMvbm9kZWpzMTg6c3RhYmxlEk91cy1jZW50cmFsMS1kb2NrZXIucGtnLmRldi9zZXJ2ZXJsZXNzLXJ1bnRpbWVzL2dvb2dsZS0yMi1mdWxsL3J1bnRpbWVzL25vZGVqczE4QAE=","operationType":"UPDATE_FUNCTION"},"done":false}
[debug] [2024-07-21T14:10:36.765Z] Got source token Cldwcm9qZWN0cy84NjI3Nzk0MjQ5NDcvbG9jYXRpb25zL3VzLWNlbnRyYWwxL2J1aWxkcy82ZWY1YTYyMS1iNzFkLTRhMWUtYWM5Yy1lOGU3YjI3MWZhYmMSUnVzLWNlbnRyYWwxLWRvY2tlci5wa2cuZGV2L2RvbGxhcnlkb29kbGUtMTc1NjYvZ2NmLWFydGlmYWN0cy9oZWxsb193b3JsZDp2ZXJzaW9uXzEYs4GljY4ZIkdwcm9qZWN0cy9kb2xsYXJ5ZG9vZGxlLTE3NTY2L2xvY2F0aW9ucy91cy1jZW50cmFsMS9mdW5jdGlvbnMvaGVsbG9Xb3JsZCoLCNCt9LQGELCSuy4yCG5vZGVqczE4OnYKI2djci5pby9nYWUtcnVudGltZXMvbm9kZWpzMTg6c3RhYmxlEk91cy1jZW50cmFsMS1kb2NrZXIucGtnLmRldi9zZXJ2ZXJsZXNzLXJ1bnRpbWVzL2dvb2dsZS0yMi1mdWxsL3J1bnRpbWVzL25vZGVqczE4QAE= for region us-central1
[debug] [2024-07-21T14:10:37.278Z] [update-default-us-central1-handleStripeWebhook] Retrying task index 0
[debug] [2024-07-21T14:10:37.279Z] >>> [apiv2][query] GET https://cloudfunctions.googleapis.com/v2/projects/dollarydoodle-17566/locations/us-central1/operations/operation-1721571035757-61dc27e0abcb3-918fccef-1a46d770 [none]
[debug] [2024-07-21T14:10:38.639Z] <<< [apiv2][status] GET https://cloudfunctions.googleapis.com/v2/projects/dollarydoodle-17566/locations/us-central1/operations/operation-1721571035757-61dc27e0abcb3-918fccef-1a46d770 200
[debug] [2024-07-21T14:10:38.641Z] <<< [apiv2][body] GET https://cloudfunctions.googleapis.com/v2/projects/dollarydoodle-17566/locations/us-central1/operations/operation-1721571035757-61dc27e0abcb3-918fccef-1a46d770 {"name":"projects/dollarydoodle-17566/locations/us-central1/operations/operation-1721571035757-61dc27e0abcb3-918fccef-1a46d770","metadata":{"@type":"type.googleapis.com/google.cloud.functions.v2.OperationMetadata","createTime":"2024-07-21T14:10:36.458482319Z","target":"projects/dollarydoodle-17566/locations/us-central1/functions/handleStripeWebhook","verb":"update","cancelRequested":false,"apiVersion":"v2","requestResource":{"@type":"type.googleapis.com/google.cloud.functions.v2.Function","name":"projects/dollarydoodle-17566/locations/us-central1/functions/handleStripeWebhook","buildConfig":{"runtime":"nodejs18","entryPoint":"handleStripeWebhook","source":{"storageSource":{"bucket":"gcf-v2-sources-862779424947-us-central1","object":"handleStripeWebhook/function-source.zip","generation":"1721571036425100"}},"environmentVariables":{"GOOGLE_NODE_RUN_SCRIPTS":""},"dockerRepository":"projects/dollarydoodle-17566/locations/us-central1/repositories/gcf-artifacts","sourceProvenance":{"resolvedStorageSource":{"bucket":"gcf-v2-sources-862779424947-us-central1","object":"handleStripeWebhook/function-source.zip","generation":"1721557507043851"}},"dockerRegistry":"ARTIFACT_REGISTRY","sourceToken":"Cldwcm9qZWN0cy84NjI3Nzk0MjQ5NDcvbG9jYXRpb25zL3VzLWNlbnRyYWwxL2J1aWxkcy82ZWY1YTYyMS1iNzFkLTRhMWUtYWM5Yy1lOGU3YjI3MWZhYmMSUnVzLWNlbnRyYWwxLWRvY2tlci5wa2cuZGV2L2RvbGxhcnlkb29kbGUtMTc1NjYvZ2NmLWFydGlmYWN0cy9oZWxsb193b3JsZDp2ZXJzaW9uXzEYs4GljY4ZIkdwcm9qZWN0cy9kb2xsYXJ5ZG9vZGxlLTE3NTY2L2xvY2F0aW9ucy91cy1jZW50cmFsMS9mdW5jdGlvbnMvaGVsbG9Xb3JsZCoLCNCt9LQGELCSuy4yCG5vZGVqczE4OnYKI2djci5pby9nYWUtcnVudGltZXMvbm9kZWpzMTg6c3RhYmxlEk91cy1jZW50cmFsMS1kb2NrZXIucGtnLmRldi9zZXJ2ZXJsZXNzLXJ1bnRpbWVzL2dvb2dsZS0yMi1mdWxsL3J1bnRpbWVzL25vZGVqczE4QAE=","automaticUpdatePolicy":{}},"serviceConfig":{"service":"projects/dollarydoodle-17566/locations/us-central1/services/handlestripewebhook","timeoutSeconds":60,"environmentVariables":{"FIREBASE_CONFIG":"{\"projectId\":\"dollarydoodle-17566\",\"storageBucket\":\"dollarydoodle-17566.appspot.com\"}","GCLOUD_PROJECT":"dollarydoodle-17566","EVENTARC_CLOUD_EVENT_SOURCE":"projects/dollarydoodle-17566/locations/us-central1/services/handleStripeWebhook","FUNCTION_TARGET":"handleStripeWebhook","LOG_EXECUTION_ID":"true","FUNCTION_SIGNATURE_TYPE":"http"},"ingressSettings":"ALLOW_ALL","serviceAccountEmail":"862779424947-compute@developer.gserviceaccount.com","availableMemory":"256Mi","allTrafficOnLatestRevision":true,"revision":"handlestripewebhook-00002-kul","maxInstanceRequestConcurrency":80,"availableCpu":"1"},"state":"ACTIVE","labels":{"deployment-tool":"cloudfunctions","firebase-functions-hash":"0a68ac14093e57659bae7e1efb84311a97ca610b"},"environment":"GEN_2","url":"https://us-central1-dollarydoodle-17566.cloudfunctions.net/handleStripeWebhook"},"stages":[{"name":"BUILD","message":"Reusing build","state":"COMPLETE","resource":"projects/862779424947/locations/us-central1/builds/6ef5a621-b71d-4a1e-ac9c-e8e7b271fabc"},{"name":"SERVICE","message":"Updating Cloud Run service","state":"IN_PROGRESS","resource":"projects/dollarydoodle-17566/locations/us-central1/services/handlestripewebhook","resourceUri":"https://console.cloud.google.com/run/detail/us-central1/handlestripewebhook?project=dollarydoodle-17566","stateMessages":[{"severity":"INFO","type":"CloudRunServiceNewRevisionTrafficInfo","message":"A new revision will be deployed serving with 100% traffic."}]}],"sourceToken":"Cldwcm9qZWN0cy84NjI3Nzk0MjQ5NDcvbG9jYXRpb25zL3VzLWNlbnRyYWwxL2J1aWxkcy82ZWY1YTYyMS1iNzFkLTRhMWUtYWM5Yy1lOGU3YjI3MWZhYmMSUnVzLWNlbnRyYWwxLWRvY2tlci5wa2cuZGV2L2RvbGxhcnlkb29kbGUtMTc1NjYvZ2NmLWFydGlmYWN0cy9oZWxsb193b3JsZDp2ZXJzaW9uXzEYs4GljY4ZIkdwcm9qZWN0cy9kb2xsYXJ5ZG9vZGxlLTE3NTY2L2xvY2F0aW9ucy91cy1jZW50cmFsMS9mdW5jdGlvbnMvaGVsbG9Xb3JsZCoLCNCt9LQGELCSuy4yCG5vZGVqczE4OnYKI2djci5pby9nYWUtcnVudGltZXMvbm9kZWpzMTg6c3RhYmxlEk91cy1jZW50cmFsMS1kb2NrZXIucGtnLmRldi9zZXJ2ZXJsZXNzLXJ1bnRpbWVzL2dvb2dsZS0yMi1mdWxsL3J1bnRpbWVzL25vZGVqczE4QAE=","operationType":"UPDATE_FUNCTION"},"done":false}
[debug] [2024-07-21T14:10:38.654Z] Got source token Cldwcm9qZWN0cy84NjI3Nzk0MjQ5NDcvbG9jYXRpb25zL3VzLWNlbnRyYWwxL2J1aWxkcy82ZWY1YTYyMS1iNzFkLTRhMWUtYWM5Yy1lOGU3YjI3MWZhYmMSUnVzLWNlbnRyYWwxLWRvY2tlci5wa2cuZGV2L2RvbGxhcnlkb29kbGUtMTc1NjYvZ2NmLWFydGlmYWN0cy9oZWxsb193b3JsZDp2ZXJzaW9uXzEYs4GljY4ZIkdwcm9qZWN0cy9kb2xsYXJ5ZG9vZGxlLTE3NTY2L2xvY2F0aW9ucy91cy1jZW50cmFsMS9mdW5jdGlvbnMvaGVsbG9Xb3JsZCoLCNCt9LQGELCSuy4yCG5vZGVqczE4OnYKI2djci5pby9nYWUtcnVudGltZXMvbm9kZWpzMTg6c3RhYmxlEk91cy1jZW50cmFsMS1kb2NrZXIucGtnLmRldi9zZXJ2ZXJsZXNzLXJ1bnRpbWVzL2dvb2dsZS0yMi1mdWxsL3J1bnRpbWVzL25vZGVqczE4QAE= for region us-central1
[debug] [2024-07-21T14:10:39.658Z] [update-default-us-central1-handleStripeWebhook] Retrying task index 0
[debug] [2024-07-21T14:10:39.661Z] >>> [apiv2][query] GET https://cloudfunctions.googleapis.com/v2/projects/dollarydoodle-17566/locations/us-central1/operations/operation-1721571035757-61dc27e0abcb3-918fccef-1a46d770 [none]
[debug] [2024-07-21T14:10:41.030Z] <<< [apiv2][status] GET https://cloudfunctions.googleapis.com/v2/projects/dollarydoodle-17566/locations/us-central1/operations/operation-1721571035757-61dc27e0abcb3-918fccef-1a46d770 200
[debug] [2024-07-21T14:10:41.031Z] <<< [apiv2][body] GET https://cloudfunctions.googleapis.com/v2/projects/dollarydoodle-17566/locations/us-central1/operations/operation-1721571035757-61dc27e0abcb3-918fccef-1a46d770 {"name":"projects/dollarydoodle-17566/locations/us-central1/operations/operation-1721571035757-61dc27e0abcb3-918fccef-1a46d770","metadata":{"@type":"type.googleapis.com/google.cloud.functions.v2.OperationMetadata","createTime":"2024-07-21T14:10:36.458482319Z","target":"projects/dollarydoodle-17566/locations/us-central1/functions/handleStripeWebhook","verb":"update","cancelRequested":false,"apiVersion":"v2","requestResource":{"@type":"type.googleapis.com/google.cloud.functions.v2.Function","name":"projects/dollarydoodle-17566/locations/us-central1/functions/handleStripeWebhook","buildConfig":{"runtime":"nodejs18","entryPoint":"handleStripeWebhook","source":{"storageSource":{"bucket":"gcf-v2-sources-862779424947-us-central1","object":"handleStripeWebhook/function-source.zip","generation":"1721571036425100"}},"environmentVariables":{"GOOGLE_NODE_RUN_SCRIPTS":""},"dockerRepository":"projects/dollarydoodle-17566/locations/us-central1/repositories/gcf-artifacts","sourceProvenance":{"resolvedStorageSource":{"bucket":"gcf-v2-sources-862779424947-us-central1","object":"handleStripeWebhook/function-source.zip","generation":"1721557507043851"}},"dockerRegistry":"ARTIFACT_REGISTRY","sourceToken":"Cldwcm9qZWN0cy84NjI3Nzk0MjQ5NDcvbG9jYXRpb25zL3VzLWNlbnRyYWwxL2J1aWxkcy82ZWY1YTYyMS1iNzFkLTRhMWUtYWM5Yy1lOGU3YjI3MWZhYmMSUnVzLWNlbnRyYWwxLWRvY2tlci5wa2cuZGV2L2RvbGxhcnlkb29kbGUtMTc1NjYvZ2NmLWFydGlmYWN0cy9oZWxsb193b3JsZDp2ZXJzaW9uXzEYs4GljY4ZIkdwcm9qZWN0cy9kb2xsYXJ5ZG9vZGxlLTE3NTY2L2xvY2F0aW9ucy91cy1jZW50cmFsMS9mdW5jdGlvbnMvaGVsbG9Xb3JsZCoLCNCt9LQGELCSuy4yCG5vZGVqczE4OnYKI2djci5pby9nYWUtcnVudGltZXMvbm9kZWpzMTg6c3RhYmxlEk91cy1jZW50cmFsMS1kb2NrZXIucGtnLmRldi9zZXJ2ZXJsZXNzLXJ1bnRpbWVzL2dvb2dsZS0yMi1mdWxsL3J1bnRpbWVzL25vZGVqczE4QAE=","automaticUpdatePolicy":{}},"serviceConfig":{"service":"projects/dollarydoodle-17566/locations/us-central1/services/handlestripewebhook","timeoutSeconds":60,"environmentVariables":{"FIREBASE_CONFIG":"{\"projectId\":\"dollarydoodle-17566\",\"storageBucket\":\"dollarydoodle-17566.appspot.com\"}","GCLOUD_PROJECT":"dollarydoodle-17566","EVENTARC_CLOUD_EVENT_SOURCE":"projects/dollarydoodle-17566/locations/us-central1/services/handleStripeWebhook","FUNCTION_TARGET":"handleStripeWebhook","LOG_EXECUTION_ID":"true","FUNCTION_SIGNATURE_TYPE":"http"},"ingressSettings":"ALLOW_ALL","serviceAccountEmail":"862779424947-compute@developer.gserviceaccount.com","availableMemory":"256Mi","allTrafficOnLatestRevision":true,"revision":"handlestripewebhook-00002-kul","maxInstanceRequestConcurrency":80,"availableCpu":"1"},"state":"ACTIVE","labels":{"deployment-tool":"cloudfunctions","firebase-functions-hash":"0a68ac14093e57659bae7e1efb84311a97ca610b"},"environment":"GEN_2","url":"https://us-central1-dollarydoodle-17566.cloudfunctions.net/handleStripeWebhook"},"stages":[{"name":"BUILD","message":"Reusing build","state":"COMPLETE","resource":"projects/862779424947/locations/us-central1/builds/6ef5a621-b71d-4a1e-ac9c-e8e7b271fabc"},{"name":"SERVICE","message":"Updating Cloud Run service","state":"IN_PROGRESS","resource":"projects/dollarydoodle-17566/locations/us-central1/services/handlestripewebhook","resourceUri":"https://console.cloud.google.com/run/detail/us-central1/handlestripewebhook?project=dollarydoodle-17566","stateMessages":[{"severity":"INFO","type":"CloudRunServiceNewRevisionTrafficInfo","message":"A new revision will be deployed serving with 100% traffic."}]}],"sourceToken":"Cldwcm9qZWN0cy84NjI3Nzk0MjQ5NDcvbG9jYXRpb25zL3VzLWNlbnRyYWwxL2J1aWxkcy82ZWY1YTYyMS1iNzFkLTRhMWUtYWM5Yy1lOGU3YjI3MWZhYmMSUnVzLWNlbnRyYWwxLWRvY2tlci5wa2cuZGV2L2RvbGxhcnlkb29kbGUtMTc1NjYvZ2NmLWFydGlmYWN0cy9oZWxsb193b3JsZDp2ZXJzaW9uXzEYs4GljY4ZIkdwcm9qZWN0cy9kb2xsYXJ5ZG9vZGxlLTE3NTY2L2xvY2F0aW9ucy91cy1jZW50cmFsMS9mdW5jdGlvbnMvaGVsbG9Xb3JsZCoLCNCt9LQGELCSuy4yCG5vZGVqczE4OnYKI2djci5pby9nYWUtcnVudGltZXMvbm9kZWpzMTg6c3RhYmxlEk91cy1jZW50cmFsMS1kb2NrZXIucGtnLmRldi9zZXJ2ZXJsZXNzLXJ1bnRpbWVzL2dvb2dsZS0yMi1mdWxsL3J1bnRpbWVzL25vZGVqczE4QAE=","operationType":"UPDATE_FUNCTION"},"done":false}
[debug] [2024-07-21T14:10:41.031Z] Got source token Cldwcm9qZWN0cy84NjI3Nzk0MjQ5NDcvbG9jYXRpb25zL3VzLWNlbnRyYWwxL2J1aWxkcy82ZWY1YTYyMS1iNzFkLTRhMWUtYWM5Yy1lOGU3YjI3MWZhYmMSUnVzLWNlbnRyYWwxLWRvY2tlci5wa2cuZGV2L2RvbGxhcnlkb29kbGUtMTc1NjYvZ2NmLWFydGlmYWN0cy9oZWxsb193b3JsZDp2ZXJzaW9uXzEYs4GljY4ZIkdwcm9qZWN0cy9kb2xsYXJ5ZG9vZGxlLTE3NTY2L2xvY2F0aW9ucy91cy1jZW50cmFsMS9mdW5jdGlvbnMvaGVsbG9Xb3JsZCoLCNCt9LQGELCSuy4yCG5vZGVqczE4OnYKI2djci5pby9nYWUtcnVudGltZXMvbm9kZWpzMTg6c3RhYmxlEk91cy1jZW50cmFsMS1kb2NrZXIucGtnLmRldi9zZXJ2ZXJsZXNzLXJ1bnRpbWVzL2dvb2dsZS0yMi1mdWxsL3J1bnRpbWVzL25vZGVqczE4QAE= for region us-central1
[debug] [2024-07-21T14:10:43.133Z] [update-default-us-central1-handleStripeWebhook] Retrying task index 0
[debug] [2024-07-21T14:10:43.152Z] >>> [apiv2][query] GET https://cloudfunctions.googleapis.com/v2/projects/dollarydoodle-17566/locations/us-central1/operations/operation-1721571035757-61dc27e0abcb3-918fccef-1a46d770 [none]
[debug] [2024-07-21T14:10:44.329Z] [update-default-us-central1-helloWorld] Retrying task index 0
[debug] [2024-07-21T14:10:44.344Z] >>> [apiv2][query] GET https://cloudfunctions.googleapis.com/v2/projects/dollarydoodle-17566/locations/us-central1/operations/operation-1721570987450-61dc27b299f71-a2a7bcc0-15a87e62 [none]
[debug] [2024-07-21T14:10:44.511Z] <<< [apiv2][status] GET https://cloudfunctions.googleapis.com/v2/projects/dollarydoodle-17566/locations/us-central1/operations/operation-1721571035757-61dc27e0abcb3-918fccef-1a46d770 200
[debug] [2024-07-21T14:10:44.511Z] <<< [apiv2][body] GET https://cloudfunctions.googleapis.com/v2/projects/dollarydoodle-17566/locations/us-central1/operations/operation-1721571035757-61dc27e0abcb3-918fccef-1a46d770 {"name":"projects/dollarydoodle-17566/locations/us-central1/operations/operation-1721571035757-61dc27e0abcb3-918fccef-1a46d770","metadata":{"@type":"type.googleapis.com/google.cloud.functions.v2.OperationMetadata","createTime":"2024-07-21T14:10:36.458482319Z","endTime":"2024-07-21T14:10:43.281044613Z","target":"projects/dollarydoodle-17566/locations/us-central1/functions/handleStripeWebhook","verb":"update","cancelRequested":false,"apiVersion":"v2","requestResource":{"@type":"type.googleapis.com/google.cloud.functions.v2.Function","name":"projects/dollarydoodle-17566/locations/us-central1/functions/handleStripeWebhook","buildConfig":{"runtime":"nodejs18","entryPoint":"handleStripeWebhook","source":{"storageSource":{"bucket":"gcf-v2-sources-862779424947-us-central1","object":"handleStripeWebhook/function-source.zip","generation":"1721571036425100"}},"environmentVariables":{"GOOGLE_NODE_RUN_SCRIPTS":""},"dockerRepository":"projects/dollarydoodle-17566/locations/us-central1/repositories/gcf-artifacts","sourceProvenance":{"resolvedStorageSource":{"bucket":"gcf-v2-sources-862779424947-us-central1","object":"handleStripeWebhook/function-source.zip","generation":"1721557507043851"}},"dockerRegistry":"ARTIFACT_REGISTRY","sourceToken":"Cldwcm9qZWN0cy84NjI3Nzk0MjQ5NDcvbG9jYXRpb25zL3VzLWNlbnRyYWwxL2J1aWxkcy82ZWY1YTYyMS1iNzFkLTRhMWUtYWM5Yy1lOGU3YjI3MWZhYmMSUnVzLWNlbnRyYWwxLWRvY2tlci5wa2cuZGV2L2RvbGxhcnlkb29kbGUtMTc1NjYvZ2NmLWFydGlmYWN0cy9oZWxsb193b3JsZDp2ZXJzaW9uXzEYs4GljY4ZIkdwcm9qZWN0cy9kb2xsYXJ5ZG9vZGxlLTE3NTY2L2xvY2F0aW9ucy91cy1jZW50cmFsMS9mdW5jdGlvbnMvaGVsbG9Xb3JsZCoLCNCt9LQGELCSuy4yCG5vZGVqczE4OnYKI2djci5pby9nYWUtcnVudGltZXMvbm9kZWpzMTg6c3RhYmxlEk91cy1jZW50cmFsMS1kb2NrZXIucGtnLmRldi9zZXJ2ZXJsZXNzLXJ1bnRpbWVzL2dvb2dsZS0yMi1mdWxsL3J1bnRpbWVzL25vZGVqczE4QAE=","automaticUpdatePolicy":{}},"serviceConfig":{"service":"projects/dollarydoodle-17566/locations/us-central1/services/handlestripewebhook","timeoutSeconds":60,"environmentVariables":{"FIREBASE_CONFIG":"{\"projectId\":\"dollarydoodle-17566\",\"storageBucket\":\"dollarydoodle-17566.appspot.com\"}","GCLOUD_PROJECT":"dollarydoodle-17566","EVENTARC_CLOUD_EVENT_SOURCE":"projects/dollarydoodle-17566/locations/us-central1/services/handleStripeWebhook","FUNCTION_TARGET":"handleStripeWebhook","LOG_EXECUTION_ID":"true","FUNCTION_SIGNATURE_TYPE":"http"},"ingressSettings":"ALLOW_ALL","serviceAccountEmail":"862779424947-compute@developer.gserviceaccount.com","availableMemory":"256Mi","allTrafficOnLatestRevision":true,"revision":"handlestripewebhook-00002-kul","maxInstanceRequestConcurrency":80,"availableCpu":"1"},"state":"ACTIVE","labels":{"deployment-tool":"cloudfunctions","firebase-functions-hash":"0a68ac14093e57659bae7e1efb84311a97ca610b"},"environment":"GEN_2","url":"https://us-central1-dollarydoodle-17566.cloudfunctions.net/handleStripeWebhook"},"stages":[{"name":"SERVICE","state":"NOT_STARTED"}],"operationType":"UPDATE_FUNCTION"},"done":true,"error":{"code":3,"message":"Could not create or update Cloud Run service handlestripewebhook, Container Healthcheck failed. Revision 'handlestripewebhook-00003-bim' is not ready and cannot serve traffic. The user-provided container failed to start and listen on the port defined provided by the PORT=8080 environment variable. Logs for this revision might contain more information.\n\nLogs URL: https://console.cloud.google.com/logs/viewer?project=dollarydoodle-17566&resource=cloud_run_revision/service_name/handlestripewebhook/revision_name/handlestripewebhook-00003-bim&advancedFilter=resource.type%3D%22cloud_run_revision%22%0Aresource.labels.service_name%3D%22handlestripewebhook%22%0Aresource.labels.revision_name%3D%22handlestripewebhook-00003-bim%22 \nFor more troubleshooting guidance, see https://cloud.google.com/run/docs/troubleshooting#container-failed-to-start"}}
[debug] [2024-07-21T14:10:44.511Z] Got source token undefined for region us-central1
[error] Could not create or update Cloud Run service handlestripewebhook, Container Healthcheck failed. Revision 'handlestripewebhook-00003-bim' is not ready and cannot serve traffic. The user-provided container failed to start and listen on the port defined provided by the PORT=8080 environment variable. Logs for this revision might contain more information.

Logs URL: https://console.cloud.google.com/logs/viewer?project=dollarydoodle-17566&resource=cloud_run_revision/service_name/handlestripewebhook/revision_name/handlestripewebhook-00003-bim&advancedFilter=resource.type%3D%22cloud_run_revision%22%0Aresource.labels.service_name%3D%22handlestripewebhook%22%0Aresource.labels.revision_name%3D%22handlestripewebhook-00003-bim%22 
For more troubleshooting guidance, see https://cloud.google.com/run/docs/troubleshooting#container-failed-to-start
[debug] [2024-07-21T14:10:45.797Z] <<< [apiv2][status] GET https://cloudfunctions.googleapis.com/v2/projects/dollarydoodle-17566/locations/us-central1/operations/operation-1721570987450-61dc27b299f71-a2a7bcc0-15a87e62 200
[debug] [2024-07-21T14:10:45.798Z] <<< [apiv2][body] GET https://cloudfunctions.googleapis.com/v2/projects/dollarydoodle-17566/locations/us-central1/operations/operation-1721570987450-61dc27b299f71-a2a7bcc0-15a87e62 {"name":"projects/dollarydoodle-17566/locations/us-central1/operations/operation-1721570987450-61dc27b299f71-a2a7bcc0-15a87e62","metadata":{"@type":"type.googleapis.com/google.cloud.functions.v2.OperationMetadata","createTime":"2024-07-21T14:09:48.231466611Z","endTime":"2024-07-21T14:10:35.148945854Z","target":"projects/dollarydoodle-17566/locations/us-central1/functions/helloWorld","verb":"update","cancelRequested":false,"apiVersion":"v2","requestResource":{"@type":"type.googleapis.com/google.cloud.functions.v2.Function","name":"projects/dollarydoodle-17566/locations/us-central1/functions/helloWorld","buildConfig":{"runtime":"nodejs18","entryPoint":"helloWorld","source":{"storageSource":{"bucket":"gcf-v2-sources-862779424947-us-central1","object":"helloWorld/function-source.zip","generation":"1721570988187495"}},"environmentVariables":{"GOOGLE_NODE_RUN_SCRIPTS":""},"dockerRepository":"projects/dollarydoodle-17566/locations/us-central1/repositories/gcf-artifacts","sourceProvenance":{"resolvedStorageSource":{"bucket":"gcf-v2-sources-862779424947-us-central1","object":"helloWorld/function-source.zip","generation":"1721545144915018"}},"dockerRegistry":"ARTIFACT_REGISTRY","automaticUpdatePolicy":{}},"serviceConfig":{"service":"projects/dollarydoodle-17566/locations/us-central1/services/helloworld","timeoutSeconds":60,"environmentVariables":{"FIREBASE_CONFIG":"{\"projectId\":\"dollarydoodle-17566\",\"storageBucket\":\"dollarydoodle-17566.appspot.com\"}","GCLOUD_PROJECT":"dollarydoodle-17566","EVENTARC_CLOUD_EVENT_SOURCE":"projects/dollarydoodle-17566/locations/us-central1/services/helloWorld","FUNCTION_TARGET":"helloWorld","LOG_EXECUTION_ID":"true"},"ingressSettings":"ALLOW_ALL","serviceAccountEmail":"862779424947-compute@developer.gserviceaccount.com","availableMemory":"256Mi","allTrafficOnLatestRevision":true,"revision":"helloworld-00002-dur","maxInstanceRequestConcurrency":80,"availableCpu":"1"},"state":"ACTIVE","labels":{"deployment-tool":"cloudfunctions","firebase-functions-hash":"0a68ac14093e57659bae7e1efb84311a97ca610b"},"environment":"GEN_2","url":"https://us-central1-dollarydoodle-17566.cloudfunctions.net/helloWorld"},"stages":[{"name":"SERVICE","state":"NOT_STARTED"}],"operationType":"UPDATE_FUNCTION"},"done":true,"error":{"code":3,"message":"Could not create or update Cloud Run service helloworld, Container Healthcheck failed. Revision 'helloworld-00003-baz' is not ready and cannot serve traffic. The user-provided container failed to start and listen on the port defined provided by the PORT=8080 environment variable. Logs for this revision might contain more information.\n\nLogs URL: https://console.cloud.google.com/logs/viewer?project=dollarydoodle-17566&resource=cloud_run_revision/service_name/helloworld/revision_name/helloworld-00003-baz&advancedFilter=resource.type%3D%22cloud_run_revision%22%0Aresource.labels.service_name%3D%22helloworld%22%0Aresource.labels.revision_name%3D%22helloworld-00003-baz%22 \nFor more troubleshooting guidance, see https://cloud.google.com/run/docs/troubleshooting#container-failed-to-start"}}
[debug] [2024-07-21T14:10:45.798Z] Got source token undefined for region us-central1
[error] Could not create or update Cloud Run service helloworld, Container Healthcheck failed. Revision 'helloworld-00003-baz' is not ready and cannot serve traffic. The user-provided container failed to start and listen on the port defined provided by the PORT=8080 environment variable. Logs for this revision might contain more information.

Logs URL: https://console.cloud.google.com/logs/viewer?project=dollarydoodle-17566&resource=cloud_run_revision/service_name/helloworld/revision_name/helloworld-00003-baz&advancedFilter=resource.type%3D%22cloud_run_revision%22%0Aresource.labels.service_name%3D%22helloworld%22%0Aresource.labels.revision_name%3D%22helloworld-00003-baz%22 
For more troubleshooting guidance, see https://cloud.google.com/run/docs/troubleshooting#container-failed-to-start
[debug] [2024-07-21T14:10:45.809Z] Total Function Deployment time: 59760
[debug] [2024-07-21T14:10:45.809Z] 2 Functions Deployed
[debug] [2024-07-21T14:10:45.809Z] 2 Functions Errored
[debug] [2024-07-21T14:10:45.809Z] 0 Function Deployments Aborted
[debug] [2024-07-21T14:10:45.809Z] Average Function Deployment time: 59124.5
[info] 
[info] Functions deploy had errors with the following functions:
	handleStripeWebhook(us-central1)
	helloWorld(us-central1)
[debug] [2024-07-21T14:10:45.813Z] Not printing URL for HTTPS function. Typically this means it didn't match a filter or we failed deployment
[debug] [2024-07-21T14:10:45.813Z] Not printing URL for HTTPS function. Typically this means it didn't match a filter or we failed deployment
[info] i  functions: cleaning up build files... 
[debug] [2024-07-21T14:10:45.823Z] >>> [apiv2][query] DELETE https://artifactregistry.googleapis.com/v1beta2/projects/dollarydoodle-17566/locations/us-central1/repositories/gcf-artifacts/packages/hello_world [none]
[debug] [2024-07-21T14:10:45.823Z] >>> [apiv2][query] DELETE https://artifactregistry.googleapis.com/v1beta2/projects/dollarydoodle-17566/locations/us-central1/repositories/gcf-artifacts/packages/handle_stripe_webhook [none]
[debug] [2024-07-21T14:10:45.824Z] >>> [apiv2][query] GET https://us.gcr.io/v2/dollarydoodle-17566/gcf/us-central1/tags/list [none]
[debug] [2024-07-21T14:10:46.282Z] <<< [apiv2][status] GET https://us.gcr.io/v2/dollarydoodle-17566/gcf/us-central1/tags/list 404
[debug] [2024-07-21T14:10:46.283Z] <<< [apiv2][body] GET https://us.gcr.io/v2/dollarydoodle-17566/gcf/us-central1/tags/list {"errors":[{"code":"NAME_UNKNOWN","message":"Repository \"us.gcr.io\" not found"}]}
[debug] [2024-07-21T14:10:46.285Z] Failed docker command with error  HTTP Error: 404, Not Found {"name":"FirebaseError","children":[],"context":{"body":{"errors":[{"code":"NAME_UNKNOWN","message":"Repository \"us.gcr.io\" not found"}],"error":{"message":"Not Found"}},"response":{"statusCode":404}},"exit":1,"message":"HTTP Error: 404, Not Found","status":404}
[debug] [2024-07-21T14:10:46.290Z] >>> [apiv2][query] GET https://us.gcr.io/v2/dollarydoodle-17566/gcf/us-central1/tags/list [none]
[debug] [2024-07-21T14:10:46.687Z] <<< [apiv2][status] GET https://us.gcr.io/v2/dollarydoodle-17566/gcf/us-central1/tags/list 404
[debug] [2024-07-21T14:10:46.688Z] <<< [apiv2][body] GET https://us.gcr.io/v2/dollarydoodle-17566/gcf/us-central1/tags/list {"errors":[{"code":"NAME_UNKNOWN","message":"Repository \"us.gcr.io\" not found"}]}
[debug] [2024-07-21T14:10:46.690Z] Failed docker command with error  HTTP Error: 404, Not Found {"name":"FirebaseError","children":[],"context":{"body":{"errors":[{"code":"NAME_UNKNOWN","message":"Repository \"us.gcr.io\" not found"}],"error":{"message":"Not Found"}},"response":{"statusCode":404}},"exit":1,"message":"HTTP Error: 404, Not Found","status":404}
[debug] [2024-07-21T14:10:46.793Z] >>> [apiv2][query] GET https://us.gcr.io/v2/dollarydoodle-17566/gcf/us-central1/tags/list [none]
[debug] [2024-07-21T14:10:47.144Z] <<< [apiv2][status] GET https://us.gcr.io/v2/dollarydoodle-17566/gcf/us-central1/tags/list 404
[debug] [2024-07-21T14:10:47.144Z] <<< [apiv2][body] GET https://us.gcr.io/v2/dollarydoodle-17566/gcf/us-central1/tags/list {"errors":[{"code":"NAME_UNKNOWN","message":"Repository \"us.gcr.io\" not found"}]}
[debug] [2024-07-21T14:10:47.144Z] Failed docker command with error  HTTP Error: 404, Not Found {"name":"FirebaseError","children":[],"context":{"body":{"errors":[{"code":"NAME_UNKNOWN","message":"Repository \"us.gcr.io\" not found"}],"error":{"message":"Not Found"}},"response":{"statusCode":404}},"exit":1,"message":"HTTP Error: 404, Not Found","status":404}
[debug] [2024-07-21T14:10:47.224Z] <<< [apiv2][status] DELETE https://artifactregistry.googleapis.com/v1beta2/projects/dollarydoodle-17566/locations/us-central1/repositories/gcf-artifacts/packages/handle_stripe_webhook 404
[debug] [2024-07-21T14:10:47.224Z] <<< [apiv2][body] DELETE https://artifactregistry.googleapis.com/v1beta2/projects/dollarydoodle-17566/locations/us-central1/repositories/gcf-artifacts/packages/handle_stripe_webhook {"error":{"code":404,"message":"Package \"projects/dollarydoodle-17566/locations/us-central1/repositories/gcf-artifacts/packages/handle_stripe_webhook\" was not found.","status":"NOT_FOUND"}}
[debug] [2024-07-21T14:10:47.256Z] <<< [apiv2][status] DELETE https://artifactregistry.googleapis.com/v1beta2/projects/dollarydoodle-17566/locations/us-central1/repositories/gcf-artifacts/packages/hello_world 200
[debug] [2024-07-21T14:10:47.257Z] <<< [apiv2][body] DELETE https://artifactregistry.googleapis.com/v1beta2/projects/dollarydoodle-17566/locations/us-central1/repositories/gcf-artifacts/packages/hello_world {"name":"projects/dollarydoodle-17566/locations/us-central1/operations/58aa343a-4631-45b9-81a8-07ac4b1ea62a","metadata":{"@type":"type.googleapis.com/google.devtools.artifactregistry.v1beta2.OperationMetadata"}}
[debug] [2024-07-21T14:10:47.257Z] >>> [apiv2][query] GET https://artifactregistry.googleapis.com/v1beta2/projects/dollarydoodle-17566/locations/us-central1/operations/58aa343a-4631-45b9-81a8-07ac4b1ea62a [none]
[debug] [2024-07-21T14:10:48.606Z] <<< [apiv2][status] GET https://artifactregistry.googleapis.com/v1beta2/projects/dollarydoodle-17566/locations/us-central1/operations/58aa343a-4631-45b9-81a8-07ac4b1ea62a 200
[debug] [2024-07-21T14:10:48.610Z] <<< [apiv2][body] GET https://artifactregistry.googleapis.com/v1beta2/projects/dollarydoodle-17566/locations/us-central1/operations/58aa343a-4631-45b9-81a8-07ac4b1ea62a {"name":"projects/dollarydoodle-17566/locations/us-central1/operations/58aa343a-4631-45b9-81a8-07ac4b1ea62a","metadata":{"@type":"type.googleapis.com/google.devtools.artifactregistry.v1beta2.OperationMetadata"},"done":true,"response":{"@type":"type.googleapis.com/google.protobuf.Empty"}}
[warn] ⚠  functions: Unhandled error cleaning up build images. This could result in a small monthly bill if not corrected. You can attempt to delete these images by redeploying or you can delete them manually at https://console.cloud.google.com/gcr/images/dollarydoodle-17566/us/gcf 
[debug] [2024-07-21T14:10:48.612Z] Functions deploy failed.
[debug] [2024-07-21T14:10:48.613Z] {
  "endpoint": {
    "id": "handleStripeWebhook",
    "project": "dollarydoodle-17566",
    "region": "us-central1",
    "entryPoint": "handleStripeWebhook",
    "platform": "gcfv2",
    "runtime": "nodejs18",
    "httpsTrigger": {},
    "labels": {
      "deployment-tool": "cli-firebase"
    },
    "ingressSettings": null,
    "availableMemoryMb": null,
    "serviceAccount": null,
    "timeoutSeconds": null,
    "maxInstances": null,
    "minInstances": null,
    "concurrency": 80,
    "vpc": null,
    "environmentVariables": {
      "FIREBASE_CONFIG": "{\"projectId\":\"dollarydoodle-17566\",\"storageBucket\":\"dollarydoodle-17566.appspot.com\"}",
      "GCLOUD_PROJECT": "dollarydoodle-17566",
      "EVENTARC_CLOUD_EVENT_SOURCE": "projects/dollarydoodle-17566/locations/us-central1/services/handleStripeWebhook",
      "FUNCTION_TARGET": "handleStripeWebhook",
      "LOG_EXECUTION_ID": "true",
      "FUNCTION_SIGNATURE_TYPE": "http"
    },
    "codebase": "default",
    "runServiceId": "handlestripewebhook",
    "cpu": 1,
    "securityLevel": "SECURE_ALWAYS",
    "targetedByOnly": false,
    "hash": "0a68ac14093e57659bae7e1efb84311a97ca610b"
  },
  "op": "update",
  "original": {
    "name": "FirebaseError",
    "children": [],
    "exit": 1,
    "message": "Could not create or update Cloud Run service handlestripewebhook, Container Healthcheck failed. Revision 'handlestripewebhook-00003-bim' is not ready and cannot serve traffic. The user-provided container failed to start and listen on the port defined provided by the PORT=8080 environment variable. Logs for this revision might contain more information.\n\nLogs URL: https://console.cloud.google.com/logs/viewer?project=dollarydoodle-17566&resource=cloud_run_revision/service_name/handlestripewebhook/revision_name/handlestripewebhook-00003-bim&advancedFilter=resource.type%3D%22cloud_run_revision%22%0Aresource.labels.service_name%3D%22handlestripewebhook%22%0Aresource.labels.revision_name%3D%22handlestripewebhook-00003-bim%22 \nFor more troubleshooting guidance, see https://cloud.google.com/run/docs/troubleshooting#container-failed-to-start",
    "original": {
      "code": 3,
      "message": "Could not create or update Cloud Run service handlestripewebhook, Container Healthcheck failed. Revision 'handlestripewebhook-00003-bim' is not ready and cannot serve traffic. The user-provided container failed to start and listen on the port defined provided by the PORT=8080 environment variable. Logs for this revision might contain more information.\n\nLogs URL: https://console.cloud.google.com/logs/viewer?project=dollarydoodle-17566&resource=cloud_run_revision/service_name/handlestripewebhook/revision_name/handlestripewebhook-00003-bim&advancedFilter=resource.type%3D%22cloud_run_revision%22%0Aresource.labels.service_name%3D%22handlestripewebhook%22%0Aresource.labels.revision_name%3D%22handlestripewebhook-00003-bim%22 \nFor more troubleshooting guidance, see https://cloud.google.com/run/docs/troubleshooting#container-failed-to-start"
    },
    "status": 3,
    "code": 3
  }
}
[debug] [2024-07-21T14:10:48.613Z] {
  "endpoint": {
    "id": "helloWorld",
    "project": "dollarydoodle-17566",
    "region": "us-central1",
    "entryPoint": "helloWorld",
    "platform": "gcfv2",
    "runtime": "nodejs18",
    "httpsTrigger": {},
    "labels": {
      "deployment-tool": "cli-firebase"
    },
    "ingressSettings": null,
    "availableMemoryMb": null,
    "serviceAccount": null,
    "timeoutSeconds": null,
    "maxInstances": null,
    "minInstances": null,
    "concurrency": 80,
    "vpc": null,
    "environmentVariables": {
      "FIREBASE_CONFIG": "{\"projectId\":\"dollarydoodle-17566\",\"storageBucket\":\"dollarydoodle-17566.appspot.com\"}",
      "GCLOUD_PROJECT": "dollarydoodle-17566",
      "EVENTARC_CLOUD_EVENT_SOURCE": "projects/dollarydoodle-17566/locations/us-central1/services/helloWorld",
      "FUNCTION_TARGET": "helloWorld",
      "LOG_EXECUTION_ID": "true"
    },
    "codebase": "default",
    "runServiceId": "helloworld",
    "cpu": 1,
    "securityLevel": "SECURE_ALWAYS",
    "targetedByOnly": false,
    "hash": "0a68ac14093e57659bae7e1efb84311a97ca610b"
  },
  "op": "update",
  "original": {
    "name": "FirebaseError",
    "children": [],
    "exit": 1,
    "message": "Could not create or update Cloud Run service helloworld, Container Healthcheck failed. Revision 'helloworld-00003-baz' is not ready and cannot serve traffic. The user-provided container failed to start and listen on the port defined provided by the PORT=8080 environment variable. Logs for this revision might contain more information.\n\nLogs URL: https://console.cloud.google.com/logs/viewer?project=dollarydoodle-17566&resource=cloud_run_revision/service_name/helloworld/revision_name/helloworld-00003-baz&advancedFilter=resource.type%3D%22cloud_run_revision%22%0Aresource.labels.service_name%3D%22helloworld%22%0Aresource.labels.revision_name%3D%22helloworld-00003-baz%22 \nFor more troubleshooting guidance, see https://cloud.google.com/run/docs/troubleshooting#container-failed-to-start",
    "original": {
      "code": 3,
      "message": "Could not create or update Cloud Run service helloworld, Container Healthcheck failed. Revision 'helloworld-00003-baz' is not ready and cannot serve traffic. The user-provided container failed to start and listen on the port defined provided by the PORT=8080 environment variable. Logs for this revision might contain more information.\n\nLogs URL: https://console.cloud.google.com/logs/viewer?project=dollarydoodle-17566&resource=cloud_run_revision/service_name/helloworld/revision_name/helloworld-00003-baz&advancedFilter=resource.type%3D%22cloud_run_revision%22%0Aresource.labels.service_name%3D%22helloworld%22%0Aresource.labels.revision_name%3D%22helloworld-00003-baz%22 \nFor more troubleshooting guidance, see https://cloud.google.com/run/docs/troubleshooting#container-failed-to-start"
    },
    "status": 3,
    "code": 3
  }
}
[error] Error: There was an error deploying functions:
[error] - Error Failed to update function handleStripeWebhook in region us-central1
[error] - Error Failed to update function helloWorld in region us-central1
